Using pre-set license
Built from '2021.3/china_unity/release' branch; Version is '2021.3.20f1c1 (7cf0fbd73406) revision 8188155'; Using compiler version '192829333'; Build Type 'Release'
OS: 'Windows 10  (10.0.19045) 64bit CoreCountrySpecific' Language: 'zh' Physical Memory: 16167 MB
BatchMode: 1, IsHumanControllingUs: 0, StartBugReporterOnCrash: 0, Is64bit: 1, IsPro: 1

COMMAND LINE ARGUMENTS:
E:\unity\2021.3.20f1c1\Editor\Unity.exe
-adb2
-batchMode
-noUpm
-name
AssetImportWorker0
-projectPath
E:/unity/text/UI-背包系统
-logFile
Logs/AssetImportWorker0.log
-srvPort
10234
Successfully changed project path to: E:/unity/text/UI-背包系统
E:/unity/text/UI-背包系统
[UnityMemory] Configuration Parameters - Can be set up in boot.config
    "memorysetup-bucket-allocator-granularity=16"
    "memorysetup-bucket-allocator-bucket-count=8"
    "memorysetup-bucket-allocator-block-size=33554432"
    "memorysetup-bucket-allocator-block-count=8"
    "memorysetup-main-allocator-block-size=16777216"
    "memorysetup-thread-allocator-block-size=16777216"
    "memorysetup-gfx-main-allocator-block-size=16777216"
    "memorysetup-gfx-thread-allocator-block-size=16777216"
    "memorysetup-cache-allocator-block-size=4194304"
    "memorysetup-typetree-allocator-block-size=2097152"
    "memorysetup-profiler-bucket-allocator-granularity=16"
    "memorysetup-profiler-bucket-allocator-bucket-count=8"
    "memorysetup-profiler-bucket-allocator-block-size=33554432"
    "memorysetup-profiler-bucket-allocator-block-count=8"
    "memorysetup-profiler-allocator-block-size=16777216"
    "memorysetup-profiler-editor-allocator-block-size=1048576"
    "memorysetup-temp-allocator-size-main=16777216"
    "memorysetup-job-temp-allocator-block-size=2097152"
    "memorysetup-job-temp-allocator-block-size-background=1048576"
    "memorysetup-job-temp-allocator-reduction-small-platforms=262144"
    "memorysetup-temp-allocator-size-background-worker=32768"
    "memorysetup-temp-allocator-size-job-worker=262144"
    "memorysetup-temp-allocator-size-preload-manager=33554432"
    "memorysetup-temp-allocator-size-nav-mesh-worker=65536"
    "memorysetup-temp-allocator-size-audio-worker=65536"
    "memorysetup-temp-allocator-size-cloud-worker=32768"
    "memorysetup-temp-allocator-size-gi-baking-worker=262144"
    "memorysetup-temp-allocator-size-gfx=262144"
Player connection [17680] Host "[IP] 172.16.3.57 [Port] 0 [Flags] 2 [Guid] 1948901755 [EditorId] 1948901755 [Version] 1048832 [Id] WindowsEditor(7,LAPTOP-7KBC3NGK) [Debug] 1 [PackageName] WindowsEditor [ProjectName] Editor" joined multi-casting on [225.0.0.222:54997]...

Player connection [17680] Host "[IP] 172.16.3.57 [Port] 0 [Flags] 2 [Guid] 1948901755 [EditorId] 1948901755 [Version] 1048832 [Id] WindowsEditor(7,LAPTOP-7KBC3NGK) [Debug] 1 [PackageName] WindowsEditor [ProjectName] Editor" joined alternative multi-casting on [225.0.0.222:34997]...

AS: AutoStreaming module initializing.
Refreshing native plugins compatible for Editor in 115.79 ms, found 3 plugins.
Preloading 0 native plugins for Editor in 0.00 ms.
Initialize engine version: 2021.3.20f1c1 (7cf0fbd73406)
[Subsystems] Discovering subsystems at path E:/unity/2021.3.20f1c1/Editor/Data/Resources/UnitySubsystems
[Subsystems] Discovering subsystems at path E:/unity/text/UI-背包系统/Assets
GfxDevice: creating device client; threaded=0; jobified=0
Direct3D:
    Version:  Direct3D 11.0 [level 11.1]
    Renderer: Intel(R) Iris(R) Xe Graphics (ID=0x9a49)
    Vendor:   Intel
    VRAM:     8083 MB
    Driver:   31.0.101.4824
Initialize mono
Mono path[0] = 'E:/unity/2021.3.20f1c1/Editor/Data/Managed'
Mono path[1] = 'E:/unity/2021.3.20f1c1/Editor/Data/MonoBleedingEdge/lib/mono/unityjit-win32'
Mono config path = 'E:/unity/2021.3.20f1c1/Editor/Data/MonoBleedingEdge/etc'
Using monoOptions --debugger-agent=transport=dt_socket,embedding=1,server=y,suspend=n,address=127.0.0.1:56548
Begin MonoManager ReloadAssembly
Registering precompiled unity dll's ...
Register platform support module: E:/unity/2021.3.20f1c1/Editor/Data/PlaybackEngines/AndroidPlayer/UnityEditor.Android.Extensions.dll
Register platform support module: E:/unity/2021.3.20f1c1/Editor/Data/PlaybackEngines/WindowsStandaloneSupport/UnityEditor.WindowsStandalone.Extensions.dll
Register platform support module: E:/unity/2021.3.20f1c1/Editor/Data/PlaybackEngines/LinuxStandaloneSupport/UnityEditor.LinuxStandalone.Extensions.dll
Registered in 0.007269 seconds.
Native extension for LinuxStandalone target not found
Native extension for WindowsStandalone target not found
Native extension for Android target not found
Android Extension - Scanning For ADB Devices 564 ms
Refreshing native plugins compatible for Editor in 121.73 ms, found 3 plugins.
Preloading 0 native plugins for Editor in 0.00 ms.
Mono: successfully reloaded assembly
- Completed reload, in  1.604 seconds
Domain Reload Profiling:
	ReloadAssembly (1604ms)
		BeginReloadAssembly (158ms)
			ExecutionOrderSort (0ms)
			DisableScriptedObjects (0ms)
			BackupInstance (0ms)
			ReleaseScriptingObjects (0ms)
			CreateAndSetChildDomain (1ms)
		EndReloadAssembly (1296ms)
			LoadAssemblies (151ms)
			RebuildTransferFunctionScriptingTraits (0ms)
			SetupTypeCache (185ms)
			ReleaseScriptCaches (0ms)
			RebuildScriptCaches (37ms)
			SetupLoadedEditorAssemblies (993ms)
				LogAssemblyErrors (0ms)
				InitializePlatformSupportModulesInManaged (652ms)
				SetLoadedEditorAssemblies (1ms)
				RefreshPlugins (122ms)
				BeforeProcessingInitializeOnLoad (3ms)
				ProcessInitializeOnLoadAttributes (133ms)
				ProcessInitializeOnLoadMethodAttributes (81ms)
				AfterProcessingInitializeOnLoad (0ms)
				EditorAssembliesLoaded (0ms)
			ExecutionOrderSort2 (0ms)
			AwakeInstancesAfterBackupRestoration (0ms)
Platform modules already initialized, skipping
Registering precompiled user dll's ...
Registered in 0.020956 seconds.
Begin MonoManager ReloadAssembly
Symbol file LoadedFromMemory doesn't match image E:\unity\text\UI-背包系统\Library\PackageCache\com.unity.visualscripting@1.8.0\Editor\VisualScripting.Core\Dependencies\YamlDotNet\Unity.VisualScripting.YamlDotNet.dll
Symbol file LoadedFromMemory doesn't match image E:\unity\text\UI-背包系统\Library\PackageCache\com.unity.visualscripting@1.8.0\Editor\VisualScripting.Core\Dependencies\DotNetZip\Unity.VisualScripting.IonicZip.dll
Native extension for LinuxStandalone target not found
Native extension for WindowsStandalone target not found
Native extension for Android target not found
Refreshing native plugins compatible for Editor in 1.32 ms, found 3 plugins.
Preloading 0 native plugins for Editor in 0.00 ms.
Mono: successfully reloaded assembly
- Completed reload, in  2.033 seconds
Domain Reload Profiling:
	ReloadAssembly (2034ms)
		BeginReloadAssembly (240ms)
			ExecutionOrderSort (0ms)
			DisableScriptedObjects (10ms)
			BackupInstance (0ms)
			ReleaseScriptingObjects (0ms)
			CreateAndSetChildDomain (39ms)
		EndReloadAssembly (1593ms)
			LoadAssemblies (183ms)
			RebuildTransferFunctionScriptingTraits (0ms)
			SetupTypeCache (412ms)
			ReleaseScriptCaches (2ms)
			RebuildScriptCaches (79ms)
			SetupLoadedEditorAssemblies (863ms)
				LogAssemblyErrors (0ms)
				InitializePlatformSupportModulesInManaged (41ms)
				SetLoadedEditorAssemblies (1ms)
				RefreshPlugins (1ms)
				BeforeProcessingInitializeOnLoad (157ms)
				ProcessInitializeOnLoadAttributes (613ms)
				ProcessInitializeOnLoadMethodAttributes (23ms)
				AfterProcessingInitializeOnLoad (25ms)
				EditorAssembliesLoaded (0ms)
			ExecutionOrderSort2 (0ms)
			AwakeInstancesAfterBackupRestoration (27ms)
Platform modules already initialized, skipping
========================================================================
Worker process is ready to serve import requests
Launched and connected shader compiler UnityShaderCompiler.exe after 0.07 seconds
Refreshing native plugins compatible for Editor in 0.74 ms, found 3 plugins.
Preloading 0 native plugins for Editor in 0.00 ms.
Unloading 3077 Unused Serialized files (Serialized files now loaded: 0)
Unloading 26 unused Assets / (113.6 KB). Loaded Objects now: 3544.
Memory consumption went from 114.7 MB to 114.6 MB.
Total: 5.491700 ms (FindLiveObjects: 0.216400 ms CreateObjectMapping: 0.083000 ms MarkObjects: 4.933200 ms  DeleteObjects: 0.257600 ms)

AssetImportParameters requested are different than current active one (requested -> active):
  custom:video-decoder-ogg-theora: a1e56fd34408186e4bbccfd4996cb3dc -> 
  custom:container-muxer-webm: aa71ff27fc2769a1b78a27578f13a17b -> 
  custom:container-demuxer-webm: 4f35f7cbe854078d1ac9338744f61a02 -> 
  custom:video-encoder-webm-vp8: eb34c28f22e8b96e1ab97ce403110664 -> 
  custom:video-codec-MediaFoundation-h265: 746d11721c4dcdbdad8f713fa42b33f4 -> 
  custom:audio-encoder-webm-vorbis: bf7c407c2cedff20999df2af8eb42d56 -> 
  custom:framework-win-MediaFoundation: 216162199b28c13a410421893ffa2e32 -> 
  custom:container-demuxer-ogg: 62fdf1f143b41e24485cea50d1cbac27 -> 
  custom:video-decoder-webm-vp8: 9c59270c3fd7afecdb556c50c9e8de78 -> 
  custom:audio-decoder-ogg-vorbis: bf7c407c2cedff20999df2af8eb42d56 -> 
========================================================================
Received Import Request.
  Time since last request: 9681.883848 seconds.
  path: Assets/Scripts/Sound
  artifactKey: Guid(64bb4cdcc639f2146880ca6603fb1c5b) Importer(815301076,1909f56bfc062723c751e8b465ee728b)
Start importing Assets/Scripts/Sound using Guid(64bb4cdcc639f2146880ca6603fb1c5b) Importer(815301076,1909f56bfc062723c751e8b465ee728b)  -> (artifact id: '5ac4173128add988280b556730c411e5') in 0.010024 seconds 
========================================================================
Received Import Request.
  Time since last request: 2.220916 seconds.
  path: Assets/Scripts/Sound/SoundManager.cs
  artifactKey: Guid(bc874a2c7d05c9149ba1181a24017bfb) Importer(815301076,1909f56bfc062723c751e8b465ee728b)
Start importing Assets/Scripts/Sound/SoundManager.cs using Guid(bc874a2c7d05c9149ba1181a24017bfb) Importer(815301076,1909f56bfc062723c751e8b465ee728b)  -> (artifact id: '2309ec6b62cd8277b64c75cf2407dcd3') in 0.030543 seconds 
========================================================================
Received Prepare
Registering precompiled user dll's ...
Registered in 0.020115 seconds.
Begin MonoManager ReloadAssembly
Symbol file LoadedFromMemory doesn't match image E:\unity\text\UI-背包系统\Library\PackageCache\com.unity.visualscripting@1.8.0\Editor\VisualScripting.Core\Dependencies\YamlDotNet\Unity.VisualScripting.YamlDotNet.dll
Symbol file LoadedFromMemory doesn't match image E:\unity\text\UI-背包系统\Library\PackageCache\com.unity.visualscripting@1.8.0\Editor\VisualScripting.Core\Dependencies\DotNetZip\Unity.VisualScripting.IonicZip.dll
Native extension for LinuxStandalone target not found
Native extension for WindowsStandalone target not found
Native extension for Android target not found
Refreshing native plugins compatible for Editor in 0.76 ms, found 3 plugins.
Preloading 0 native plugins for Editor in 0.00 ms.
Mono: successfully reloaded assembly
- Completed reload, in  1.800 seconds
Domain Reload Profiling:
	ReloadAssembly (1801ms)
		BeginReloadAssembly (256ms)
			ExecutionOrderSort (0ms)
			DisableScriptedObjects (8ms)
			BackupInstance (0ms)
			ReleaseScriptingObjects (0ms)
			CreateAndSetChildDomain (53ms)
		EndReloadAssembly (1381ms)
			LoadAssemblies (194ms)
			RebuildTransferFunctionScriptingTraits (0ms)
			SetupTypeCache (386ms)
			ReleaseScriptCaches (6ms)
			RebuildScriptCaches (62ms)
			SetupLoadedEditorAssemblies (687ms)
				LogAssemblyErrors (0ms)
				InitializePlatformSupportModulesInManaged (31ms)
				SetLoadedEditorAssemblies (1ms)
				RefreshPlugins (1ms)
				BeforeProcessingInitializeOnLoad (92ms)
				ProcessInitializeOnLoadAttributes (513ms)
				ProcessInitializeOnLoadMethodAttributes (24ms)
				AfterProcessingInitializeOnLoad (26ms)
				EditorAssembliesLoaded (0ms)
			ExecutionOrderSort2 (0ms)
			AwakeInstancesAfterBackupRestoration (53ms)
Platform modules already initialized, skipping
Refreshing native plugins compatible for Editor in 11.77 ms, found 3 plugins.
Preloading 0 native plugins for Editor in 0.00 ms.
Unloading 3060 Unused Serialized files (Serialized files now loaded: 0)
Unloading 19 unused Assets / (80.2 KB). Loaded Objects now: 3548.
Memory consumption went from 113.2 MB to 113.1 MB.
Total: 8.245000 ms (FindLiveObjects: 0.290600 ms CreateObjectMapping: 0.148900 ms MarkObjects: 7.672000 ms  DeleteObjects: 0.131400 ms)

AssetImportParameters requested are different than current active one (requested -> active):
  custom:video-decoder-ogg-theora: a1e56fd34408186e4bbccfd4996cb3dc -> 
  custom:container-muxer-webm: aa71ff27fc2769a1b78a27578f13a17b -> 
  custom:container-demuxer-webm: 4f35f7cbe854078d1ac9338744f61a02 -> 
  custom:video-encoder-webm-vp8: eb34c28f22e8b96e1ab97ce403110664 -> 
  custom:video-codec-MediaFoundation-h265: 746d11721c4dcdbdad8f713fa42b33f4 -> 
  custom:audio-encoder-webm-vorbis: bf7c407c2cedff20999df2af8eb42d56 -> 
  custom:framework-win-MediaFoundation: 216162199b28c13a410421893ffa2e32 -> 
  custom:container-demuxer-ogg: 62fdf1f143b41e24485cea50d1cbac27 -> 
  custom:video-decoder-webm-vp8: 9c59270c3fd7afecdb556c50c9e8de78 -> 
  custom:audio-decoder-ogg-vorbis: bf7c407c2cedff20999df2af8eb42d56 -> 
========================================================================
Received Import Request.
  Time since last request: 48.521416 seconds.
  path: Assets/Scripts/Singleton_Mono.cs
  artifactKey: Guid(57a859750a8b7984ea9dfb0546358041) Importer(815301076,1909f56bfc062723c751e8b465ee728b)
Start importing Assets/Scripts/Singleton_Mono.cs using Guid(57a859750a8b7984ea9dfb0546358041) Importer(815301076,1909f56bfc062723c751e8b465ee728b)  -> (artifact id: 'f6093a00c023476879fca4f3c3280cc6') in 0.013761 seconds 
========================================================================
Received Import Request.
  Time since last request: 158.160759 seconds.
  path: Assets/Scripts/Singleton_Mono.cs
  artifactKey: Guid(57a859750a8b7984ea9dfb0546358041) Importer(815301076,1909f56bfc062723c751e8b465ee728b)
Start importing Assets/Scripts/Singleton_Mono.cs using Guid(57a859750a8b7984ea9dfb0546358041) Importer(815301076,1909f56bfc062723c751e8b465ee728b)  -> (artifact id: '38d7ae05ef57d3fdb01c24b4c1d6e1d5') in 0.002682 seconds 
========================================================================
Received Import Request.
  Time since last request: 34.980531 seconds.
  path: Assets/Scripts/Singleton_Mono.cs
  artifactKey: Guid(57a859750a8b7984ea9dfb0546358041) Importer(815301076,1909f56bfc062723c751e8b465ee728b)
Start importing Assets/Scripts/Singleton_Mono.cs using Guid(57a859750a8b7984ea9dfb0546358041) Importer(815301076,1909f56bfc062723c751e8b465ee728b)  -> (artifact id: '3c7d3d8b8248b63fdaea011a0c3675ec') in 0.002770 seconds 
========================================================================
Received Import Request.
  Time since last request: 13.194252 seconds.
  path: Assets/Scripts/Singleton_Mono.cs
  artifactKey: Guid(57a859750a8b7984ea9dfb0546358041) Importer(815301076,1909f56bfc062723c751e8b465ee728b)
Start importing Assets/Scripts/Singleton_Mono.cs using Guid(57a859750a8b7984ea9dfb0546358041) Importer(815301076,1909f56bfc062723c751e8b465ee728b)  -> (artifact id: 'd6e078e49a3d16c72bf6c1a8c95d14ef') in 0.005671 seconds 
========================================================================
Received Import Request.
  Time since last request: 77.676285 seconds.
  path: Assets/Scripts/Singleton_Mono.cs
  artifactKey: Guid(57a859750a8b7984ea9dfb0546358041) Importer(815301076,1909f56bfc062723c751e8b465ee728b)
Start importing Assets/Scripts/Singleton_Mono.cs using Guid(57a859750a8b7984ea9dfb0546358041) Importer(815301076,1909f56bfc062723c751e8b465ee728b)  -> (artifact id: 'fec29f10f4eb0c6b1d59e7b23797ea95') in 0.004278 seconds 
========================================================================
Received Import Request.
  Time since last request: 5.725991 seconds.
  path: Assets/Scripts/Singleton_Mono.cs
  artifactKey: Guid(57a859750a8b7984ea9dfb0546358041) Importer(815301076,1909f56bfc062723c751e8b465ee728b)
Start importing Assets/Scripts/Singleton_Mono.cs using Guid(57a859750a8b7984ea9dfb0546358041) Importer(815301076,1909f56bfc062723c751e8b465ee728b)  -> (artifact id: '3b90f38b878bfa3f2a4b501fdff21937') in 0.003128 seconds 
========================================================================
Received Import Request.
  Time since last request: 7.233504 seconds.
  path: Assets/Scripts/Singleton_Mono.cs
  artifactKey: Guid(57a859750a8b7984ea9dfb0546358041) Importer(815301076,1909f56bfc062723c751e8b465ee728b)
Start importing Assets/Scripts/Singleton_Mono.cs using Guid(57a859750a8b7984ea9dfb0546358041) Importer(815301076,1909f56bfc062723c751e8b465ee728b)  -> (artifact id: 'bba76dbd25972b9de5d6f3e36690225c') in 0.004511 seconds 
========================================================================
Received Import Request.
  Time since last request: 2.066452 seconds.
  path: Assets/Scripts/Singleton_Mono.cs
  artifactKey: Guid(57a859750a8b7984ea9dfb0546358041) Importer(815301076,1909f56bfc062723c751e8b465ee728b)
Start importing Assets/Scripts/Singleton_Mono.cs using Guid(57a859750a8b7984ea9dfb0546358041) Importer(815301076,1909f56bfc062723c751e8b465ee728b)  -> (artifact id: 'f6ab6596fc265048241f64ab196bf064') in 0.002891 seconds 
========================================================================
Received Import Request.
  Time since last request: 4.030796 seconds.
  path: Assets/Scripts/Singleton_Mono.cs
  artifactKey: Guid(57a859750a8b7984ea9dfb0546358041) Importer(815301076,1909f56bfc062723c751e8b465ee728b)
Start importing Assets/Scripts/Singleton_Mono.cs using Guid(57a859750a8b7984ea9dfb0546358041) Importer(815301076,1909f56bfc062723c751e8b465ee728b)  -> (artifact id: 'b076a2f16efb70cda8aaa794813a42d2') in 0.005032 seconds 
========================================================================
Received Import Request.
  Time since last request: 9.946766 seconds.
  path: Assets/Scripts/Singleton_Mono.cs
  artifactKey: Guid(57a859750a8b7984ea9dfb0546358041) Importer(815301076,1909f56bfc062723c751e8b465ee728b)
Start importing Assets/Scripts/Singleton_Mono.cs using Guid(57a859750a8b7984ea9dfb0546358041) Importer(815301076,1909f56bfc062723c751e8b465ee728b)  -> (artifact id: '00adf0db4bede10714b776ab4a64fe58') in 0.037382 seconds 
========================================================================
Received Import Request.
  Time since last request: 24.997037 seconds.
  path: Assets/Scripts/Singleton_Mono.cs
  artifactKey: Guid(57a859750a8b7984ea9dfb0546358041) Importer(815301076,1909f56bfc062723c751e8b465ee728b)
Start importing Assets/Scripts/Singleton_Mono.cs using Guid(57a859750a8b7984ea9dfb0546358041) Importer(815301076,1909f56bfc062723c751e8b465ee728b)  -> (artifact id: '1aabce6cb0f3bef58d2cf519045f294f') in 0.003076 seconds 
========================================================================
Received Import Request.
  Time since last request: 11.492654 seconds.
  path: Assets/Scripts/Singleton_Mono.cs
  artifactKey: Guid(57a859750a8b7984ea9dfb0546358041) Importer(815301076,1909f56bfc062723c751e8b465ee728b)
Start importing Assets/Scripts/Singleton_Mono.cs using Guid(57a859750a8b7984ea9dfb0546358041) Importer(815301076,1909f56bfc062723c751e8b465ee728b)  -> (artifact id: 'b84fc0190a180ee52910d6996bc06666') in 0.005831 seconds 
========================================================================
Received Import Request.
  Time since last request: 2.762855 seconds.
  path: Assets/Scripts/Singleton_Mono.cs
  artifactKey: Guid(57a859750a8b7984ea9dfb0546358041) Importer(815301076,1909f56bfc062723c751e8b465ee728b)
Start importing Assets/Scripts/Singleton_Mono.cs using Guid(57a859750a8b7984ea9dfb0546358041) Importer(815301076,1909f56bfc062723c751e8b465ee728b)  -> (artifact id: 'f4cdb9babdf65d2cc21fd10a28270649') in 0.003152 seconds 
========================================================================
Received Import Request.
  Time since last request: 2.050126 seconds.
  path: Assets/Scripts/Singleton_Mono.cs
  artifactKey: Guid(57a859750a8b7984ea9dfb0546358041) Importer(815301076,1909f56bfc062723c751e8b465ee728b)
Start importing Assets/Scripts/Singleton_Mono.cs using Guid(57a859750a8b7984ea9dfb0546358041) Importer(815301076,1909f56bfc062723c751e8b465ee728b)  -> (artifact id: '333be57aab4b2b4177f99232a1a87672') in 0.010309 seconds 
========================================================================
Received Import Request.
  Time since last request: 53.119482 seconds.
  path: Assets/Scripts/Singleton_Mono.cs
  artifactKey: Guid(57a859750a8b7984ea9dfb0546358041) Importer(815301076,1909f56bfc062723c751e8b465ee728b)
Start importing Assets/Scripts/Singleton_Mono.cs using Guid(57a859750a8b7984ea9dfb0546358041) Importer(815301076,1909f56bfc062723c751e8b465ee728b)  -> (artifact id: '8aaf7ab1025e4fa738ecf5b1892133ac') in 0.003203 seconds 
========================================================================
Received Import Request.
  Time since last request: 22.399481 seconds.
  path: Assets/Scripts/Singleton_Mono.cs
  artifactKey: Guid(57a859750a8b7984ea9dfb0546358041) Importer(815301076,1909f56bfc062723c751e8b465ee728b)
Start importing Assets/Scripts/Singleton_Mono.cs using Guid(57a859750a8b7984ea9dfb0546358041) Importer(815301076,1909f56bfc062723c751e8b465ee728b)  -> (artifact id: '284ac4d1289f56ee41856f7c9cb32d9e') in 0.004661 seconds 
========================================================================
Received Import Request.
  Time since last request: 13.068636 seconds.
  path: Assets/Scripts/Singleton_Mono.cs
  artifactKey: Guid(57a859750a8b7984ea9dfb0546358041) Importer(815301076,1909f56bfc062723c751e8b465ee728b)
Start importing Assets/Scripts/Singleton_Mono.cs using Guid(57a859750a8b7984ea9dfb0546358041) Importer(815301076,1909f56bfc062723c751e8b465ee728b)  -> (artifact id: '804a9c69bb87bbbac7a21e137468427d') in 0.004638 seconds 
========================================================================
Received Import Request.
  Time since last request: 22.677858 seconds.
  path: Assets/Scripts/Singleton_Mono.cs
  artifactKey: Guid(57a859750a8b7984ea9dfb0546358041) Importer(815301076,1909f56bfc062723c751e8b465ee728b)
Start importing Assets/Scripts/Singleton_Mono.cs using Guid(57a859750a8b7984ea9dfb0546358041) Importer(815301076,1909f56bfc062723c751e8b465ee728b)  -> (artifact id: 'b5764a42d67d2cd14bd6435cb5a3d243') in 0.003587 seconds 
========================================================================
Received Import Request.
  Time since last request: 18.716608 seconds.
  path: Assets/Scripts/Singleton_Mono.cs
  artifactKey: Guid(57a859750a8b7984ea9dfb0546358041) Importer(815301076,1909f56bfc062723c751e8b465ee728b)
Start importing Assets/Scripts/Singleton_Mono.cs using Guid(57a859750a8b7984ea9dfb0546358041) Importer(815301076,1909f56bfc062723c751e8b465ee728b)  -> (artifact id: '9030923a1df51abfad4804db94d4a904') in 0.002789 seconds 
========================================================================
Received Import Request.
  Time since last request: 1.908929 seconds.
  path: Assets/Scripts/Singleton_Mono.cs
  artifactKey: Guid(57a859750a8b7984ea9dfb0546358041) Importer(815301076,1909f56bfc062723c751e8b465ee728b)
Start importing Assets/Scripts/Singleton_Mono.cs using Guid(57a859750a8b7984ea9dfb0546358041) Importer(815301076,1909f56bfc062723c751e8b465ee728b)  -> (artifact id: '29919afcc12da551adf651632d630861') in 0.002997 seconds 
========================================================================
Received Import Request.
  Time since last request: 69.531927 seconds.
  path: Assets/Scripts/Singleton_Mono.cs
  artifactKey: Guid(57a859750a8b7984ea9dfb0546358041) Importer(815301076,1909f56bfc062723c751e8b465ee728b)
Start importing Assets/Scripts/Singleton_Mono.cs using Guid(57a859750a8b7984ea9dfb0546358041) Importer(815301076,1909f56bfc062723c751e8b465ee728b)  -> (artifact id: '7e4f8773c0953c6f2222f812e90de35a') in 0.003340 seconds 
========================================================================
Received Import Request.
  Time since last request: 16.612095 seconds.
  path: Assets/Scripts/Singleton_Mono.cs
  artifactKey: Guid(57a859750a8b7984ea9dfb0546358041) Importer(815301076,1909f56bfc062723c751e8b465ee728b)
Start importing Assets/Scripts/Singleton_Mono.cs using Guid(57a859750a8b7984ea9dfb0546358041) Importer(815301076,1909f56bfc062723c751e8b465ee728b)  -> (artifact id: '666a0d080dbfc12cf6bde4402305e15f') in 0.003320 seconds 
========================================================================
Received Import Request.
  Time since last request: 17.291473 seconds.
  path: Assets/Scripts/Singleton_Mono.cs
  artifactKey: Guid(57a859750a8b7984ea9dfb0546358041) Importer(815301076,1909f56bfc062723c751e8b465ee728b)
Start importing Assets/Scripts/Singleton_Mono.cs using Guid(57a859750a8b7984ea9dfb0546358041) Importer(815301076,1909f56bfc062723c751e8b465ee728b)  -> (artifact id: 'b1ca65c82e2562736210c7b2621d0f69') in 0.002900 seconds 
========================================================================
Received Import Request.
  Time since last request: 6.976565 seconds.
  path: Assets/Scripts/Singleton_Mono.cs
  artifactKey: Guid(57a859750a8b7984ea9dfb0546358041) Importer(815301076,1909f56bfc062723c751e8b465ee728b)
Start importing Assets/Scripts/Singleton_Mono.cs using Guid(57a859750a8b7984ea9dfb0546358041) Importer(815301076,1909f56bfc062723c751e8b465ee728b)  -> (artifact id: '1f85cde324b1d17e0f5d09c99d1ca97d') in 0.004061 seconds 
========================================================================
Received Import Request.
  Time since last request: 8.978539 seconds.
  path: Assets/Scripts/Singleton_Mono.cs
  artifactKey: Guid(57a859750a8b7984ea9dfb0546358041) Importer(815301076,1909f56bfc062723c751e8b465ee728b)
Start importing Assets/Scripts/Singleton_Mono.cs using Guid(57a859750a8b7984ea9dfb0546358041) Importer(815301076,1909f56bfc062723c751e8b465ee728b)  -> (artifact id: '040b0809e0fac319b272b9934ac03af7') in 0.004796 seconds 
========================================================================
Received Import Request.
  Time since last request: 16.750043 seconds.
  path: Assets/Scripts/Singleton_Mono.cs
  artifactKey: Guid(57a859750a8b7984ea9dfb0546358041) Importer(815301076,1909f56bfc062723c751e8b465ee728b)
Start importing Assets/Scripts/Singleton_Mono.cs using Guid(57a859750a8b7984ea9dfb0546358041) Importer(815301076,1909f56bfc062723c751e8b465ee728b)  -> (artifact id: 'ac32b08ae236d9105a43010611d98fea') in 0.002295 seconds 
========================================================================
Received Import Request.
  Time since last request: 90.418335 seconds.
  path: Assets/Scripts/Singleton_Mono.cs
  artifactKey: Guid(57a859750a8b7984ea9dfb0546358041) Importer(815301076,1909f56bfc062723c751e8b465ee728b)
Start importing Assets/Scripts/Singleton_Mono.cs using Guid(57a859750a8b7984ea9dfb0546358041) Importer(815301076,1909f56bfc062723c751e8b465ee728b)  -> (artifact id: 'c7754fb961bd414b6c79b533e74c372c') in 0.003540 seconds 
========================================================================
Received Import Request.
  Time since last request: 26.958101 seconds.
  path: Assets/Scripts/Singleton_Mono.cs
  artifactKey: Guid(57a859750a8b7984ea9dfb0546358041) Importer(815301076,1909f56bfc062723c751e8b465ee728b)
Start importing Assets/Scripts/Singleton_Mono.cs using Guid(57a859750a8b7984ea9dfb0546358041) Importer(815301076,1909f56bfc062723c751e8b465ee728b)  -> (artifact id: '938a4734d8d269ed182485b0412d0939') in 0.005649 seconds 
========================================================================
Received Import Request.
  Time since last request: 18.541219 seconds.
  path: Assets/Scripts/Singleton_Mono.cs
  artifactKey: Guid(57a859750a8b7984ea9dfb0546358041) Importer(815301076,1909f56bfc062723c751e8b465ee728b)
Start importing Assets/Scripts/Singleton_Mono.cs using Guid(57a859750a8b7984ea9dfb0546358041) Importer(815301076,1909f56bfc062723c751e8b465ee728b)  -> (artifact id: '94a3315c9511d879319d1702bc8cf950') in 0.005418 seconds 
========================================================================
Received Prepare
Registering precompiled user dll's ...
Registered in 0.021139 seconds.
Begin MonoManager ReloadAssembly
Symbol file LoadedFromMemory doesn't match image E:\unity\text\UI-背包系统\Library\PackageCache\com.unity.visualscripting@1.8.0\Editor\VisualScripting.Core\Dependencies\YamlDotNet\Unity.VisualScripting.YamlDotNet.dll
Symbol file LoadedFromMemory doesn't match image E:\unity\text\UI-背包系统\Library\PackageCache\com.unity.visualscripting@1.8.0\Editor\VisualScripting.Core\Dependencies\DotNetZip\Unity.VisualScripting.IonicZip.dll
Native extension for LinuxStandalone target not found
Native extension for WindowsStandalone target not found
Native extension for Android target not found
Refreshing native plugins compatible for Editor in 0.60 ms, found 3 plugins.
Preloading 0 native plugins for Editor in 0.00 ms.
Mono: successfully reloaded assembly
- Completed reload, in  2.058 seconds
Domain Reload Profiling:
	ReloadAssembly (2059ms)
		BeginReloadAssembly (268ms)
			ExecutionOrderSort (0ms)
			DisableScriptedObjects (7ms)
			BackupInstance (0ms)
			ReleaseScriptingObjects (0ms)
			CreateAndSetChildDomain (56ms)
		EndReloadAssembly (1560ms)
			LoadAssemblies (190ms)
			RebuildTransferFunctionScriptingTraits (0ms)
			SetupTypeCache (453ms)
			ReleaseScriptCaches (3ms)
			RebuildScriptCaches (62ms)
			SetupLoadedEditorAssemblies (804ms)
				LogAssemblyErrors (0ms)
				InitializePlatformSupportModulesInManaged (46ms)
				SetLoadedEditorAssemblies (1ms)
				RefreshPlugins (1ms)
				BeforeProcessingInitializeOnLoad (119ms)
				ProcessInitializeOnLoadAttributes (560ms)
				ProcessInitializeOnLoadMethodAttributes (50ms)
				AfterProcessingInitializeOnLoad (27ms)
				EditorAssembliesLoaded (0ms)
			ExecutionOrderSort2 (0ms)
			AwakeInstancesAfterBackupRestoration (14ms)
Platform modules already initialized, skipping
Refreshing native plugins compatible for Editor in 5.75 ms, found 3 plugins.
Preloading 0 native plugins for Editor in 0.00 ms.
Unloading 3061 Unused Serialized files (Serialized files now loaded: 0)
Unloading 19 unused Assets / (80.4 KB). Loaded Objects now: 3552.
Memory consumption went from 113.2 MB to 113.2 MB.
Total: 2.940800 ms (FindLiveObjects: 0.260000 ms CreateObjectMapping: 0.099500 ms MarkObjects: 2.479900 ms  DeleteObjects: 0.099300 ms)

AssetImportParameters requested are different than current active one (requested -> active):
  custom:video-decoder-ogg-theora: a1e56fd34408186e4bbccfd4996cb3dc -> 
  custom:container-muxer-webm: aa71ff27fc2769a1b78a27578f13a17b -> 
  custom:container-demuxer-webm: 4f35f7cbe854078d1ac9338744f61a02 -> 
  custom:video-encoder-webm-vp8: eb34c28f22e8b96e1ab97ce403110664 -> 
  custom:video-codec-MediaFoundation-h265: 746d11721c4dcdbdad8f713fa42b33f4 -> 
  custom:audio-encoder-webm-vorbis: bf7c407c2cedff20999df2af8eb42d56 -> 
  custom:framework-win-MediaFoundation: 216162199b28c13a410421893ffa2e32 -> 
  custom:container-demuxer-ogg: 62fdf1f143b41e24485cea50d1cbac27 -> 
  custom:video-decoder-webm-vp8: 9c59270c3fd7afecdb556c50c9e8de78 -> 
  custom:audio-decoder-ogg-vorbis: bf7c407c2cedff20999df2af8eb42d56 -> 
========================================================================
Received Import Request.
  Time since last request: 146.699125 seconds.
  path: Assets/Scripts/Sound/SoundManager.cs
  artifactKey: Guid(bc874a2c7d05c9149ba1181a24017bfb) Importer(815301076,1909f56bfc062723c751e8b465ee728b)
Start importing Assets/Scripts/Sound/SoundManager.cs using Guid(bc874a2c7d05c9149ba1181a24017bfb) Importer(815301076,1909f56bfc062723c751e8b465ee728b)  -> (artifact id: '3b89d7dc7d854d4f01fc5ceead669494') in 0.010896 seconds 
========================================================================
Received Import Request.
  Time since last request: 105.352898 seconds.
  path: Assets/Scripts/Sound/SoundManager.cs
  artifactKey: Guid(bc874a2c7d05c9149ba1181a24017bfb) Importer(815301076,1909f56bfc062723c751e8b465ee728b)
Start importing Assets/Scripts/Sound/SoundManager.cs using Guid(bc874a2c7d05c9149ba1181a24017bfb) Importer(815301076,1909f56bfc062723c751e8b465ee728b)  -> (artifact id: '966b453b1f09ff7b83ba4e824d2ec865') in 0.002502 seconds 
========================================================================
Received Import Request.
  Time since last request: 52.858520 seconds.
  path: Assets/Scripts/Sound/SoundManager.cs
  artifactKey: Guid(bc874a2c7d05c9149ba1181a24017bfb) Importer(815301076,1909f56bfc062723c751e8b465ee728b)
Start importing Assets/Scripts/Sound/SoundManager.cs using Guid(bc874a2c7d05c9149ba1181a24017bfb) Importer(815301076,1909f56bfc062723c751e8b465ee728b)  -> (artifact id: 'b7895815808dbca7a0e292b62d96c9e4') in 0.003069 seconds 
========================================================================
Received Import Request.
  Time since last request: 60.107940 seconds.
  path: Assets/Scripts/Sound/SoundManager.cs
  artifactKey: Guid(bc874a2c7d05c9149ba1181a24017bfb) Importer(815301076,1909f56bfc062723c751e8b465ee728b)
Start importing Assets/Scripts/Sound/SoundManager.cs using Guid(bc874a2c7d05c9149ba1181a24017bfb) Importer(815301076,1909f56bfc062723c751e8b465ee728b)  -> (artifact id: '12880e399403dc532daadec5b04cdc7c') in 0.003108 seconds 
========================================================================
Received Import Request.
  Time since last request: 63.269946 seconds.
  path: Assets/Scripts/Sound/SoundManager.cs
  artifactKey: Guid(bc874a2c7d05c9149ba1181a24017bfb) Importer(815301076,1909f56bfc062723c751e8b465ee728b)
Start importing Assets/Scripts/Sound/SoundManager.cs using Guid(bc874a2c7d05c9149ba1181a24017bfb) Importer(815301076,1909f56bfc062723c751e8b465ee728b)  -> (artifact id: 'b1218d99e4a65ca6104e817f0362053e') in 0.006414 seconds 
========================================================================
Received Import Request.
  Time since last request: 11.713634 seconds.
  path: Assets/Scripts/Sound/SoundManager.cs
  artifactKey: Guid(bc874a2c7d05c9149ba1181a24017bfb) Importer(815301076,1909f56bfc062723c751e8b465ee728b)
Start importing Assets/Scripts/Sound/SoundManager.cs using Guid(bc874a2c7d05c9149ba1181a24017bfb) Importer(815301076,1909f56bfc062723c751e8b465ee728b)  -> (artifact id: 'de0edab710151e4809470e0b8a786805') in 0.004321 seconds 
========================================================================
Received Import Request.
  Time since last request: 53.017141 seconds.
  path: Assets/Scripts/Sound/SoundManager.cs
  artifactKey: Guid(bc874a2c7d05c9149ba1181a24017bfb) Importer(815301076,1909f56bfc062723c751e8b465ee728b)
Start importing Assets/Scripts/Sound/SoundManager.cs using Guid(bc874a2c7d05c9149ba1181a24017bfb) Importer(815301076,1909f56bfc062723c751e8b465ee728b)  -> (artifact id: '86b650b016e2367360bf26ed14d7c31d') in 0.005141 seconds 
========================================================================
Received Import Request.
  Time since last request: 28.576708 seconds.
  path: Assets/Scripts/Sound/SoundManager.cs
  artifactKey: Guid(bc874a2c7d05c9149ba1181a24017bfb) Importer(815301076,1909f56bfc062723c751e8b465ee728b)
Start importing Assets/Scripts/Sound/SoundManager.cs using Guid(bc874a2c7d05c9149ba1181a24017bfb) Importer(815301076,1909f56bfc062723c751e8b465ee728b)  -> (artifact id: 'e80f9fff14c77550daf76404a418a6fa') in 0.002974 seconds 
========================================================================
Received Import Request.
  Time since last request: 28.477467 seconds.
  path: Assets/Scripts/Sound/SoundManager.cs
  artifactKey: Guid(bc874a2c7d05c9149ba1181a24017bfb) Importer(815301076,1909f56bfc062723c751e8b465ee728b)
Start importing Assets/Scripts/Sound/SoundManager.cs using Guid(bc874a2c7d05c9149ba1181a24017bfb) Importer(815301076,1909f56bfc062723c751e8b465ee728b)  -> (artifact id: '81601f9adcfa1719e4ce1ed6dfac4f2b') in 0.077637 seconds 
========================================================================
Received Import Request.
  Time since last request: 8.579823 seconds.
  path: Assets/Scripts/Sound/SoundManager.cs
  artifactKey: Guid(bc874a2c7d05c9149ba1181a24017bfb) Importer(815301076,1909f56bfc062723c751e8b465ee728b)
Start importing Assets/Scripts/Sound/SoundManager.cs using Guid(bc874a2c7d05c9149ba1181a24017bfb) Importer(815301076,1909f56bfc062723c751e8b465ee728b)  -> (artifact id: 'e2256b940a4525d2a8d53260519d771e') in 0.003226 seconds 
========================================================================
Received Import Request.
  Time since last request: 24.693211 seconds.
  path: Assets/Scripts/Sound/SoundManager.cs
  artifactKey: Guid(bc874a2c7d05c9149ba1181a24017bfb) Importer(815301076,1909f56bfc062723c751e8b465ee728b)
Start importing Assets/Scripts/Sound/SoundManager.cs using Guid(bc874a2c7d05c9149ba1181a24017bfb) Importer(815301076,1909f56bfc062723c751e8b465ee728b)  -> (artifact id: 'b64ea6d169b1211fdce98ad6b10d5ef8') in 0.003684 seconds 
========================================================================
Received Import Request.
  Time since last request: 2.294413 seconds.
  path: Assets/Scripts/Sound/SoundManager.cs
  artifactKey: Guid(bc874a2c7d05c9149ba1181a24017bfb) Importer(815301076,1909f56bfc062723c751e8b465ee728b)
Start importing Assets/Scripts/Sound/SoundManager.cs using Guid(bc874a2c7d05c9149ba1181a24017bfb) Importer(815301076,1909f56bfc062723c751e8b465ee728b)  -> (artifact id: 'f636bf07656c511601c76eb90d35f629') in 0.002206 seconds 
========================================================================
Received Import Request.
  Time since last request: 4.008988 seconds.
  path: Assets/Scripts/Sound/SoundManager.cs
  artifactKey: Guid(bc874a2c7d05c9149ba1181a24017bfb) Importer(815301076,1909f56bfc062723c751e8b465ee728b)
Start importing Assets/Scripts/Sound/SoundManager.cs using Guid(bc874a2c7d05c9149ba1181a24017bfb) Importer(815301076,1909f56bfc062723c751e8b465ee728b)  -> (artifact id: '1dba04be32b93acc4dfbd51b5346ff3b') in 0.033023 seconds 
========================================================================
Received Import Request.
  Time since last request: 67.096640 seconds.
  path: Assets/Scripts/Sound/SoundManager.cs
  artifactKey: Guid(bc874a2c7d05c9149ba1181a24017bfb) Importer(815301076,1909f56bfc062723c751e8b465ee728b)
Start importing Assets/Scripts/Sound/SoundManager.cs using Guid(bc874a2c7d05c9149ba1181a24017bfb) Importer(815301076,1909f56bfc062723c751e8b465ee728b)  -> (artifact id: '133a21ec81b9c1173c5a38ccdcd578de') in 0.009650 seconds 
========================================================================
Received Import Request.
  Time since last request: 8.739313 seconds.
  path: Assets/Scripts/Sound/SoundManager.cs
  artifactKey: Guid(bc874a2c7d05c9149ba1181a24017bfb) Importer(815301076,1909f56bfc062723c751e8b465ee728b)
Start importing Assets/Scripts/Sound/SoundManager.cs using Guid(bc874a2c7d05c9149ba1181a24017bfb) Importer(815301076,1909f56bfc062723c751e8b465ee728b)  -> (artifact id: 'f36a1c6af25e1bc55366c75f7918f594') in 0.003040 seconds 
========================================================================
Received Import Request.
  Time since last request: 0.646261 seconds.
  path: Assets/Scripts/Sound/SoundManager.cs
  artifactKey: Guid(bc874a2c7d05c9149ba1181a24017bfb) Importer(815301076,1909f56bfc062723c751e8b465ee728b)
Start importing Assets/Scripts/Sound/SoundManager.cs using Guid(bc874a2c7d05c9149ba1181a24017bfb) Importer(815301076,1909f56bfc062723c751e8b465ee728b)  -> (artifact id: '882dbc5c71267ea60f0202bd70ae5848') in 0.008904 seconds 
========================================================================
Received Import Request.
  Time since last request: 10.085875 seconds.
  path: Assets/Scripts/Sound/SoundManager.cs
  artifactKey: Guid(bc874a2c7d05c9149ba1181a24017bfb) Importer(815301076,1909f56bfc062723c751e8b465ee728b)
Start importing Assets/Scripts/Sound/SoundManager.cs using Guid(bc874a2c7d05c9149ba1181a24017bfb) Importer(815301076,1909f56bfc062723c751e8b465ee728b)  -> (artifact id: 'f8312cfc926141a9bbd06a8df261f9a7') in 0.002224 seconds 
========================================================================
Received Import Request.
  Time since last request: 2.624282 seconds.
  path: Assets/Scripts/Sound/SoundManager.cs
  artifactKey: Guid(bc874a2c7d05c9149ba1181a24017bfb) Importer(815301076,1909f56bfc062723c751e8b465ee728b)
Start importing Assets/Scripts/Sound/SoundManager.cs using Guid(bc874a2c7d05c9149ba1181a24017bfb) Importer(815301076,1909f56bfc062723c751e8b465ee728b)  -> (artifact id: 'aaaf68a2145f3d9bd92cc221125d5510') in 0.002393 seconds 
========================================================================
Received Import Request.
  Time since last request: 10.488801 seconds.
  path: Assets/Scripts/Sound/SoundManager.cs
  artifactKey: Guid(bc874a2c7d05c9149ba1181a24017bfb) Importer(815301076,1909f56bfc062723c751e8b465ee728b)
Start importing Assets/Scripts/Sound/SoundManager.cs using Guid(bc874a2c7d05c9149ba1181a24017bfb) Importer(815301076,1909f56bfc062723c751e8b465ee728b)  -> (artifact id: '85c8dcd9f771e144d4c9e340b4553b00') in 0.004197 seconds 
========================================================================
Received Import Request.
  Time since last request: 17.550602 seconds.
  path: Assets/Scripts/Sound/SoundManager.cs
  artifactKey: Guid(bc874a2c7d05c9149ba1181a24017bfb) Importer(815301076,1909f56bfc062723c751e8b465ee728b)
Start importing Assets/Scripts/Sound/SoundManager.cs using Guid(bc874a2c7d05c9149ba1181a24017bfb) Importer(815301076,1909f56bfc062723c751e8b465ee728b)  -> (artifact id: '56e683785396e92d9874c2f5daa872e3') in 0.002966 seconds 
========================================================================
Received Import Request.
  Time since last request: 30.355609 seconds.
  path: Assets/Scripts/Sound/SoundManager.cs
  artifactKey: Guid(bc874a2c7d05c9149ba1181a24017bfb) Importer(815301076,1909f56bfc062723c751e8b465ee728b)
Start importing Assets/Scripts/Sound/SoundManager.cs using Guid(bc874a2c7d05c9149ba1181a24017bfb) Importer(815301076,1909f56bfc062723c751e8b465ee728b)  -> (artifact id: '78d92e04bb1acbba173e85c5668195d6') in 0.003315 seconds 
========================================================================
Received Import Request.
  Time since last request: 21.293080 seconds.
  path: Assets/Scripts/Sound/SoundManager.cs
  artifactKey: Guid(bc874a2c7d05c9149ba1181a24017bfb) Importer(815301076,1909f56bfc062723c751e8b465ee728b)
Start importing Assets/Scripts/Sound/SoundManager.cs using Guid(bc874a2c7d05c9149ba1181a24017bfb) Importer(815301076,1909f56bfc062723c751e8b465ee728b)  -> (artifact id: '993482a71c2d1f6545e91e7d2b81ff80') in 0.003955 seconds 
========================================================================
Received Import Request.
  Time since last request: 73.781725 seconds.
  path: Assets/Scripts/Sound/SoundManager.cs
  artifactKey: Guid(bc874a2c7d05c9149ba1181a24017bfb) Importer(815301076,1909f56bfc062723c751e8b465ee728b)
Start importing Assets/Scripts/Sound/SoundManager.cs using Guid(bc874a2c7d05c9149ba1181a24017bfb) Importer(815301076,1909f56bfc062723c751e8b465ee728b)  -> (artifact id: 'ed6b2506302745ced55f8fde6822a2f7') in 0.003693 seconds 
========================================================================
Received Import Request.
  Time since last request: 39.069960 seconds.
  path: Assets/Scripts/Sound/SoundManager.cs
  artifactKey: Guid(bc874a2c7d05c9149ba1181a24017bfb) Importer(815301076,1909f56bfc062723c751e8b465ee728b)
Start importing Assets/Scripts/Sound/SoundManager.cs using Guid(bc874a2c7d05c9149ba1181a24017bfb) Importer(815301076,1909f56bfc062723c751e8b465ee728b)  -> (artifact id: '20e4b3a87f7a554505598b7a5420a5cd') in 0.005239 seconds 
========================================================================
Received Import Request.
  Time since last request: 1.555819 seconds.
  path: Assets/Scripts/Sound/SoundManager.cs
  artifactKey: Guid(bc874a2c7d05c9149ba1181a24017bfb) Importer(815301076,1909f56bfc062723c751e8b465ee728b)
Start importing Assets/Scripts/Sound/SoundManager.cs using Guid(bc874a2c7d05c9149ba1181a24017bfb) Importer(815301076,1909f56bfc062723c751e8b465ee728b)  -> (artifact id: 'e425a87427c7f012d60cb6fb0dfd4dcf') in 0.003578 seconds 
========================================================================
Received Import Request.
  Time since last request: 37.815379 seconds.
  path: Assets/Scripts/Sound/SoundManager.cs
  artifactKey: Guid(bc874a2c7d05c9149ba1181a24017bfb) Importer(815301076,1909f56bfc062723c751e8b465ee728b)
Start importing Assets/Scripts/Sound/SoundManager.cs using Guid(bc874a2c7d05c9149ba1181a24017bfb) Importer(815301076,1909f56bfc062723c751e8b465ee728b)  -> (artifact id: 'ef760ac86ff5872de2ec13c7342f9146') in 0.013272 seconds 
========================================================================
Received Import Request.
  Time since last request: 2.476211 seconds.
  path: Assets/Scripts/Sound/SoundManager.cs
  artifactKey: Guid(bc874a2c7d05c9149ba1181a24017bfb) Importer(815301076,1909f56bfc062723c751e8b465ee728b)
Start importing Assets/Scripts/Sound/SoundManager.cs using Guid(bc874a2c7d05c9149ba1181a24017bfb) Importer(815301076,1909f56bfc062723c751e8b465ee728b)  -> (artifact id: '6d7deed5034e5d7b51529103f8807dee') in 0.015004 seconds 
========================================================================
Received Import Request.
  Time since last request: 29.696697 seconds.
  path: Assets/Scripts/Sound/SoundManager.cs
  artifactKey: Guid(bc874a2c7d05c9149ba1181a24017bfb) Importer(815301076,1909f56bfc062723c751e8b465ee728b)
Start importing Assets/Scripts/Sound/SoundManager.cs using Guid(bc874a2c7d05c9149ba1181a24017bfb) Importer(815301076,1909f56bfc062723c751e8b465ee728b)  -> (artifact id: 'ea219cb75f2c068906b4311cf615c7ca') in 0.003299 seconds 
========================================================================
Received Import Request.
  Time since last request: 55.022030 seconds.
  path: Assets/Scripts/Sound/SoundManager.cs
  artifactKey: Guid(bc874a2c7d05c9149ba1181a24017bfb) Importer(815301076,1909f56bfc062723c751e8b465ee728b)
Start importing Assets/Scripts/Sound/SoundManager.cs using Guid(bc874a2c7d05c9149ba1181a24017bfb) Importer(815301076,1909f56bfc062723c751e8b465ee728b)  -> (artifact id: 'f0a189e27150eab9182d551144731a3c') in 0.003157 seconds 
========================================================================
Received Import Request.
  Time since last request: 21.362566 seconds.
  path: Assets/Scripts/Sound/SoundManager.cs
  artifactKey: Guid(bc874a2c7d05c9149ba1181a24017bfb) Importer(815301076,1909f56bfc062723c751e8b465ee728b)
Start importing Assets/Scripts/Sound/SoundManager.cs using Guid(bc874a2c7d05c9149ba1181a24017bfb) Importer(815301076,1909f56bfc062723c751e8b465ee728b)  -> (artifact id: 'def5203f867633fd199f5f196f6c070e') in 0.004213 seconds 
========================================================================
Received Import Request.
  Time since last request: 34.065424 seconds.
  path: Assets/Scripts/Sound/SoundManager.cs
  artifactKey: Guid(bc874a2c7d05c9149ba1181a24017bfb) Importer(815301076,1909f56bfc062723c751e8b465ee728b)
Start importing Assets/Scripts/Sound/SoundManager.cs using Guid(bc874a2c7d05c9149ba1181a24017bfb) Importer(815301076,1909f56bfc062723c751e8b465ee728b)  -> (artifact id: '13185b2b96ad61afb6f3b9fcfa41c3fd') in 0.004217 seconds 
========================================================================
Received Import Request.
  Time since last request: 59.900269 seconds.
  path: Assets/Scripts/Sound/SoundManager.cs
  artifactKey: Guid(bc874a2c7d05c9149ba1181a24017bfb) Importer(815301076,1909f56bfc062723c751e8b465ee728b)
Start importing Assets/Scripts/Sound/SoundManager.cs using Guid(bc874a2c7d05c9149ba1181a24017bfb) Importer(815301076,1909f56bfc062723c751e8b465ee728b)  -> (artifact id: '1cd78ea25c2d0cde50a51908069e9adc') in 0.002858 seconds 
========================================================================
Received Import Request.
  Time since last request: 44.376469 seconds.
  path: Assets/Scripts/Sound/SoundManager.cs
  artifactKey: Guid(bc874a2c7d05c9149ba1181a24017bfb) Importer(815301076,1909f56bfc062723c751e8b465ee728b)
Start importing Assets/Scripts/Sound/SoundManager.cs using Guid(bc874a2c7d05c9149ba1181a24017bfb) Importer(815301076,1909f56bfc062723c751e8b465ee728b)  -> (artifact id: '9727b5dd806a6b88f92301c4c21dddd1') in 0.002809 seconds 
========================================================================
Received Prepare
Registering precompiled user dll's ...
Registered in 0.024240 seconds.
Begin MonoManager ReloadAssembly
Symbol file LoadedFromMemory doesn't match image E:\unity\text\UI-背包系统\Library\PackageCache\com.unity.visualscripting@1.8.0\Editor\VisualScripting.Core\Dependencies\YamlDotNet\Unity.VisualScripting.YamlDotNet.dll
Symbol file LoadedFromMemory doesn't match image E:\unity\text\UI-背包系统\Library\PackageCache\com.unity.visualscripting@1.8.0\Editor\VisualScripting.Core\Dependencies\DotNetZip\Unity.VisualScripting.IonicZip.dll
Native extension for LinuxStandalone target not found
Native extension for WindowsStandalone target not found
Native extension for Android target not found
Refreshing native plugins compatible for Editor in 0.45 ms, found 3 plugins.
Preloading 0 native plugins for Editor in 0.00 ms.
Mono: successfully reloaded assembly
- Completed reload, in  1.865 seconds
Domain Reload Profiling:
	ReloadAssembly (1866ms)
		BeginReloadAssembly (294ms)
			ExecutionOrderSort (0ms)
			DisableScriptedObjects (14ms)
			BackupInstance (0ms)
			ReleaseScriptingObjects (0ms)
			CreateAndSetChildDomain (50ms)
		EndReloadAssembly (1373ms)
			LoadAssemblies (199ms)
			RebuildTransferFunctionScriptingTraits (0ms)
			SetupTypeCache (378ms)
			ReleaseScriptCaches (2ms)
			RebuildScriptCaches (95ms)
			SetupLoadedEditorAssemblies (695ms)
				LogAssemblyErrors (0ms)
				InitializePlatformSupportModulesInManaged (28ms)
				SetLoadedEditorAssemblies (0ms)
				RefreshPlugins (1ms)
				BeforeProcessingInitializeOnLoad (126ms)
				ProcessInitializeOnLoadAttributes (488ms)
				ProcessInitializeOnLoadMethodAttributes (27ms)
				AfterProcessingInitializeOnLoad (24ms)
				EditorAssembliesLoaded (0ms)
			ExecutionOrderSort2 (0ms)
			AwakeInstancesAfterBackupRestoration (10ms)
Platform modules already initialized, skipping
Refreshing native plugins compatible for Editor in 6.23 ms, found 3 plugins.
Preloading 0 native plugins for Editor in 0.00 ms.
Unloading 3061 Unused Serialized files (Serialized files now loaded: 0)
Unloading 19 unused Assets / (80.4 KB). Loaded Objects now: 3555.
Memory consumption went from 113.2 MB to 113.2 MB.
Total: 3.514800 ms (FindLiveObjects: 0.269100 ms CreateObjectMapping: 0.122100 ms MarkObjects: 3.001700 ms  DeleteObjects: 0.120600 ms)

AssetImportParameters requested are different than current active one (requested -> active):
  custom:video-decoder-ogg-theora: a1e56fd34408186e4bbccfd4996cb3dc -> 
  custom:container-muxer-webm: aa71ff27fc2769a1b78a27578f13a17b -> 
  custom:container-demuxer-webm: 4f35f7cbe854078d1ac9338744f61a02 -> 
  custom:video-encoder-webm-vp8: eb34c28f22e8b96e1ab97ce403110664 -> 
  custom:video-codec-MediaFoundation-h265: 746d11721c4dcdbdad8f713fa42b33f4 -> 
  custom:audio-encoder-webm-vorbis: bf7c407c2cedff20999df2af8eb42d56 -> 
  custom:framework-win-MediaFoundation: 216162199b28c13a410421893ffa2e32 -> 
  custom:container-demuxer-ogg: 62fdf1f143b41e24485cea50d1cbac27 -> 
  custom:video-decoder-webm-vp8: 9c59270c3fd7afecdb556c50c9e8de78 -> 
  custom:audio-decoder-ogg-vorbis: bf7c407c2cedff20999df2af8eb42d56 -> 
========================================================================
Received Import Request.
  Time since last request: 126.808286 seconds.
  path: Assets/Scripts/Sound/Global.cs
  artifactKey: Guid(e37243cfe6294264b86d395abcd03bbd) Importer(815301076,1909f56bfc062723c751e8b465ee728b)
Start importing Assets/Scripts/Sound/Global.cs using Guid(e37243cfe6294264b86d395abcd03bbd) Importer(815301076,1909f56bfc062723c751e8b465ee728b)  -> (artifact id: 'a8890774dc865e5a35427112e3ace87a') in 0.013781 seconds 
========================================================================
Received Prepare
Registering precompiled user dll's ...
Registered in 0.024380 seconds.
Begin MonoManager ReloadAssembly
Symbol file LoadedFromMemory doesn't match image E:\unity\text\UI-背包系统\Library\PackageCache\com.unity.visualscripting@1.8.0\Editor\VisualScripting.Core\Dependencies\YamlDotNet\Unity.VisualScripting.YamlDotNet.dll
Symbol file LoadedFromMemory doesn't match image E:\unity\text\UI-背包系统\Library\PackageCache\com.unity.visualscripting@1.8.0\Editor\VisualScripting.Core\Dependencies\DotNetZip\Unity.VisualScripting.IonicZip.dll
Native extension for LinuxStandalone target not found
Native extension for WindowsStandalone target not found
Native extension for Android target not found
Refreshing native plugins compatible for Editor in 1.26 ms, found 3 plugins.
Preloading 0 native plugins for Editor in 0.00 ms.
Mono: successfully reloaded assembly
- Completed reload, in  1.949 seconds
Domain Reload Profiling:
	ReloadAssembly (1950ms)
		BeginReloadAssembly (368ms)
			ExecutionOrderSort (0ms)
			DisableScriptedObjects (6ms)
			BackupInstance (0ms)
			ReleaseScriptingObjects (0ms)
			CreateAndSetChildDomain (161ms)
		EndReloadAssembly (1435ms)
			LoadAssemblies (200ms)
			RebuildTransferFunctionScriptingTraits (0ms)
			SetupTypeCache (424ms)
			ReleaseScriptCaches (1ms)
			RebuildScriptCaches (49ms)
			SetupLoadedEditorAssemblies (743ms)
				LogAssemblyErrors (0ms)
				InitializePlatformSupportModulesInManaged (34ms)
				SetLoadedEditorAssemblies (0ms)
				RefreshPlugins (2ms)
				BeforeProcessingInitializeOnLoad (105ms)
				ProcessInitializeOnLoadAttributes (551ms)
				ProcessInitializeOnLoadMethodAttributes (23ms)
				AfterProcessingInitializeOnLoad (28ms)
				EditorAssembliesLoaded (0ms)
			ExecutionOrderSort2 (0ms)
			AwakeInstancesAfterBackupRestoration (17ms)
Platform modules already initialized, skipping
Refreshing native plugins compatible for Editor in 2.96 ms, found 3 plugins.
Preloading 0 native plugins for Editor in 0.00 ms.
Unloading 3062 Unused Serialized files (Serialized files now loaded: 0)
Unloading 19 unused Assets / (80.4 KB). Loaded Objects now: 3559.
Memory consumption went from 113.3 MB to 113.2 MB.
Total: 4.196300 ms (FindLiveObjects: 0.262700 ms CreateObjectMapping: 0.186500 ms MarkObjects: 3.636300 ms  DeleteObjects: 0.109500 ms)

AssetImportParameters requested are different than current active one (requested -> active):
  custom:video-decoder-ogg-theora: a1e56fd34408186e4bbccfd4996cb3dc -> 
  custom:container-muxer-webm: aa71ff27fc2769a1b78a27578f13a17b -> 
  custom:container-demuxer-webm: 4f35f7cbe854078d1ac9338744f61a02 -> 
  custom:video-encoder-webm-vp8: eb34c28f22e8b96e1ab97ce403110664 -> 
  custom:video-codec-MediaFoundation-h265: 746d11721c4dcdbdad8f713fa42b33f4 -> 
  custom:audio-encoder-webm-vorbis: bf7c407c2cedff20999df2af8eb42d56 -> 
  custom:framework-win-MediaFoundation: 216162199b28c13a410421893ffa2e32 -> 
  custom:container-demuxer-ogg: 62fdf1f143b41e24485cea50d1cbac27 -> 
  custom:video-decoder-webm-vp8: 9c59270c3fd7afecdb556c50c9e8de78 -> 
  custom:audio-decoder-ogg-vorbis: bf7c407c2cedff20999df2af8eb42d56 -> 
========================================================================
Received Import Request.
  Time since last request: 10.496031 seconds.
  path: Assets/Scripts/Sound/Globals.cs
  artifactKey: Guid(e37243cfe6294264b86d395abcd03bbd) Importer(815301076,1909f56bfc062723c751e8b465ee728b)
Start importing Assets/Scripts/Sound/Globals.cs using Guid(e37243cfe6294264b86d395abcd03bbd) Importer(815301076,1909f56bfc062723c751e8b465ee728b)  -> (artifact id: '6010637a8813d657f7a962cc241aad34') in 0.009411 seconds 
========================================================================
Received Import Request.
  Time since last request: 3.970508 seconds.
  path: Assets/Scripts/Sound/Globals.cs
  artifactKey: Guid(e37243cfe6294264b86d395abcd03bbd) Importer(815301076,1909f56bfc062723c751e8b465ee728b)
Start importing Assets/Scripts/Sound/Globals.cs using Guid(e37243cfe6294264b86d395abcd03bbd) Importer(815301076,1909f56bfc062723c751e8b465ee728b)  -> (artifact id: '466ad495841f6b45afef4841ed6da1b6') in 0.002260 seconds 
========================================================================
Received Import Request.
  Time since last request: 12.082816 seconds.
  path: Assets/Scripts/Sound/Globals.cs
  artifactKey: Guid(e37243cfe6294264b86d395abcd03bbd) Importer(815301076,1909f56bfc062723c751e8b465ee728b)
Start importing Assets/Scripts/Sound/Globals.cs using Guid(e37243cfe6294264b86d395abcd03bbd) Importer(815301076,1909f56bfc062723c751e8b465ee728b)  -> (artifact id: 'e9fecc2c0ac14afb599a911a31075a5d') in 0.002914 seconds 
========================================================================
Received Prepare
Registering precompiled user dll's ...
Registered in 0.027491 seconds.
Begin MonoManager ReloadAssembly
Symbol file LoadedFromMemory doesn't match image E:\unity\text\UI-背包系统\Library\PackageCache\com.unity.visualscripting@1.8.0\Editor\VisualScripting.Core\Dependencies\YamlDotNet\Unity.VisualScripting.YamlDotNet.dll
Symbol file LoadedFromMemory doesn't match image E:\unity\text\UI-背包系统\Library\PackageCache\com.unity.visualscripting@1.8.0\Editor\VisualScripting.Core\Dependencies\DotNetZip\Unity.VisualScripting.IonicZip.dll
Native extension for LinuxStandalone target not found
Native extension for WindowsStandalone target not found
Native extension for Android target not found
Refreshing native plugins compatible for Editor in 1.40 ms, found 3 plugins.
Preloading 0 native plugins for Editor in 0.00 ms.
Mono: successfully reloaded assembly
- Completed reload, in  1.979 seconds
Domain Reload Profiling:
	ReloadAssembly (1980ms)
		BeginReloadAssembly (269ms)
			ExecutionOrderSort (0ms)
			DisableScriptedObjects (8ms)
			BackupInstance (0ms)
			ReleaseScriptingObjects (0ms)
			CreateAndSetChildDomain (68ms)
		EndReloadAssembly (1504ms)
			LoadAssemblies (180ms)
			RebuildTransferFunctionScriptingTraits (0ms)
			SetupTypeCache (451ms)
			ReleaseScriptCaches (1ms)
			RebuildScriptCaches (64ms)
			SetupLoadedEditorAssemblies (742ms)
				LogAssemblyErrors (0ms)
				InitializePlatformSupportModulesInManaged (38ms)
				SetLoadedEditorAssemblies (1ms)
				RefreshPlugins (2ms)
				BeforeProcessingInitializeOnLoad (86ms)
				ProcessInitializeOnLoadAttributes (560ms)
				ProcessInitializeOnLoadMethodAttributes (30ms)
				AfterProcessingInitializeOnLoad (24ms)
				EditorAssembliesLoaded (0ms)
			ExecutionOrderSort2 (0ms)
			AwakeInstancesAfterBackupRestoration (11ms)
Platform modules already initialized, skipping
Refreshing native plugins compatible for Editor in 3.34 ms, found 3 plugins.
Preloading 0 native plugins for Editor in 0.00 ms.
Unloading 3062 Unused Serialized files (Serialized files now loaded: 0)
Unloading 19 unused Assets / (80.3 KB). Loaded Objects now: 3562.
Memory consumption went from 113.3 MB to 113.2 MB.
Total: 4.102000 ms (FindLiveObjects: 0.195700 ms CreateObjectMapping: 0.080900 ms MarkObjects: 3.695800 ms  DeleteObjects: 0.128200 ms)

AssetImportParameters requested are different than current active one (requested -> active):
  custom:video-decoder-ogg-theora: a1e56fd34408186e4bbccfd4996cb3dc -> 
  custom:container-muxer-webm: aa71ff27fc2769a1b78a27578f13a17b -> 
  custom:container-demuxer-webm: 4f35f7cbe854078d1ac9338744f61a02 -> 
  custom:video-encoder-webm-vp8: eb34c28f22e8b96e1ab97ce403110664 -> 
  custom:video-codec-MediaFoundation-h265: 746d11721c4dcdbdad8f713fa42b33f4 -> 
  custom:audio-encoder-webm-vorbis: bf7c407c2cedff20999df2af8eb42d56 -> 
  custom:framework-win-MediaFoundation: 216162199b28c13a410421893ffa2e32 -> 
  custom:container-demuxer-ogg: 62fdf1f143b41e24485cea50d1cbac27 -> 
  custom:video-decoder-webm-vp8: 9c59270c3fd7afecdb556c50c9e8de78 -> 
  custom:audio-decoder-ogg-vorbis: bf7c407c2cedff20999df2af8eb42d56 -> 
========================================================================
Received Import Request.
  Time since last request: 2230.853589 seconds.
  path: Assets/Scripts/Sound/Globals.cs
  artifactKey: Guid(e37243cfe6294264b86d395abcd03bbd) Importer(815301076,1909f56bfc062723c751e8b465ee728b)
Start importing Assets/Scripts/Sound/Globals.cs using Guid(e37243cfe6294264b86d395abcd03bbd) Importer(815301076,1909f56bfc062723c751e8b465ee728b)  -> (artifact id: '12602d9dc00c80ff83c607364d511985') in 0.017123 seconds 
========================================================================
Received Prepare
Registering precompiled user dll's ...
Registered in 0.027658 seconds.
Begin MonoManager ReloadAssembly
Symbol file LoadedFromMemory doesn't match image E:\unity\text\UI-背包系统\Library\PackageCache\com.unity.visualscripting@1.8.0\Editor\VisualScripting.Core\Dependencies\YamlDotNet\Unity.VisualScripting.YamlDotNet.dll
Symbol file LoadedFromMemory doesn't match image E:\unity\text\UI-背包系统\Library\PackageCache\com.unity.visualscripting@1.8.0\Editor\VisualScripting.Core\Dependencies\DotNetZip\Unity.VisualScripting.IonicZip.dll
Native extension for LinuxStandalone target not found
Native extension for WindowsStandalone target not found
Native extension for Android target not found
Refreshing native plugins compatible for Editor in 0.54 ms, found 3 plugins.
Preloading 0 native plugins for Editor in 0.00 ms.
Mono: successfully reloaded assembly
- Completed reload, in  2.168 seconds
Domain Reload Profiling:
	ReloadAssembly (2169ms)
		BeginReloadAssembly (251ms)
			ExecutionOrderSort (0ms)
			DisableScriptedObjects (7ms)
			BackupInstance (0ms)
			ReleaseScriptingObjects (0ms)
			CreateAndSetChildDomain (62ms)
		EndReloadAssembly (1732ms)
			LoadAssemblies (210ms)
			RebuildTransferFunctionScriptingTraits (0ms)
			SetupTypeCache (508ms)
			ReleaseScriptCaches (3ms)
			RebuildScriptCaches (89ms)
			SetupLoadedEditorAssemblies (840ms)
				LogAssemblyErrors (0ms)
				InitializePlatformSupportModulesInManaged (27ms)
				SetLoadedEditorAssemblies (0ms)
				RefreshPlugins (1ms)
				BeforeProcessingInitializeOnLoad (138ms)
				ProcessInitializeOnLoadAttributes (628ms)
				ProcessInitializeOnLoadMethodAttributes (20ms)
				AfterProcessingInitializeOnLoad (25ms)
				EditorAssembliesLoaded (0ms)
			ExecutionOrderSort2 (0ms)
			AwakeInstancesAfterBackupRestoration (15ms)
Platform modules already initialized, skipping
Refreshing native plugins compatible for Editor in 4.64 ms, found 3 plugins.
Preloading 0 native plugins for Editor in 0.00 ms.
Unloading 3062 Unused Serialized files (Serialized files now loaded: 0)
Unloading 19 unused Assets / (80.4 KB). Loaded Objects now: 3565.
Memory consumption went from 113.3 MB to 113.2 MB.
Total: 5.396700 ms (FindLiveObjects: 0.372400 ms CreateObjectMapping: 0.189700 ms MarkObjects: 4.712600 ms  DeleteObjects: 0.119900 ms)

AssetImportParameters requested are different than current active one (requested -> active):
  custom:video-decoder-ogg-theora: a1e56fd34408186e4bbccfd4996cb3dc -> 
  custom:container-muxer-webm: aa71ff27fc2769a1b78a27578f13a17b -> 
  custom:container-demuxer-webm: 4f35f7cbe854078d1ac9338744f61a02 -> 
  custom:video-encoder-webm-vp8: eb34c28f22e8b96e1ab97ce403110664 -> 
  custom:video-codec-MediaFoundation-h265: 746d11721c4dcdbdad8f713fa42b33f4 -> 
  custom:audio-encoder-webm-vorbis: bf7c407c2cedff20999df2af8eb42d56 -> 
  custom:framework-win-MediaFoundation: 216162199b28c13a410421893ffa2e32 -> 
  custom:container-demuxer-ogg: 62fdf1f143b41e24485cea50d1cbac27 -> 
  custom:video-decoder-webm-vp8: 9c59270c3fd7afecdb556c50c9e8de78 -> 
  custom:audio-decoder-ogg-vorbis: bf7c407c2cedff20999df2af8eb42d56 -> 
========================================================================
Received Prepare
Registering precompiled user dll's ...
Registered in 0.018414 seconds.
Begin MonoManager ReloadAssembly
Symbol file LoadedFromMemory doesn't match image E:\unity\text\UI-背包系统\Library\PackageCache\com.unity.visualscripting@1.8.0\Editor\VisualScripting.Core\Dependencies\YamlDotNet\Unity.VisualScripting.YamlDotNet.dll
Symbol file LoadedFromMemory doesn't match image E:\unity\text\UI-背包系统\Library\PackageCache\com.unity.visualscripting@1.8.0\Editor\VisualScripting.Core\Dependencies\DotNetZip\Unity.VisualScripting.IonicZip.dll
Native extension for LinuxStandalone target not found
Native extension for WindowsStandalone target not found
Native extension for Android target not found
Refreshing native plugins compatible for Editor in 0.45 ms, found 3 plugins.
Preloading 0 native plugins for Editor in 0.00 ms.
Mono: successfully reloaded assembly
- Completed reload, in  1.984 seconds
Domain Reload Profiling:
	ReloadAssembly (1985ms)
		BeginReloadAssembly (262ms)
			ExecutionOrderSort (0ms)
			DisableScriptedObjects (5ms)
			BackupInstance (0ms)
			ReleaseScriptingObjects (0ms)
			CreateAndSetChildDomain (58ms)
		EndReloadAssembly (1492ms)
			LoadAssemblies (184ms)
			RebuildTransferFunctionScriptingTraits (0ms)
			SetupTypeCache (441ms)
			ReleaseScriptCaches (1ms)
			RebuildScriptCaches (52ms)
			SetupLoadedEditorAssemblies (776ms)
				LogAssemblyErrors (0ms)
				InitializePlatformSupportModulesInManaged (34ms)
				SetLoadedEditorAssemblies (0ms)
				RefreshPlugins (1ms)
				BeforeProcessingInitializeOnLoad (123ms)
				ProcessInitializeOnLoadAttributes (540ms)
				ProcessInitializeOnLoadMethodAttributes (43ms)
				AfterProcessingInitializeOnLoad (34ms)
				EditorAssembliesLoaded (0ms)
			ExecutionOrderSort2 (0ms)
			AwakeInstancesAfterBackupRestoration (22ms)
Platform modules already initialized, skipping
Refreshing native plugins compatible for Editor in 2.69 ms, found 3 plugins.
Preloading 0 native plugins for Editor in 0.00 ms.
Unloading 3062 Unused Serialized files (Serialized files now loaded: 0)
Unloading 19 unused Assets / (80.4 KB). Loaded Objects now: 3568.
Memory consumption went from 113.3 MB to 113.2 MB.
Total: 5.291200 ms (FindLiveObjects: 0.302900 ms CreateObjectMapping: 0.224500 ms MarkObjects: 4.638900 ms  DeleteObjects: 0.123200 ms)

AssetImportParameters requested are different than current active one (requested -> active):
  custom:video-decoder-ogg-theora: a1e56fd34408186e4bbccfd4996cb3dc -> 
  custom:container-muxer-webm: aa71ff27fc2769a1b78a27578f13a17b -> 
  custom:container-demuxer-webm: 4f35f7cbe854078d1ac9338744f61a02 -> 
  custom:video-encoder-webm-vp8: eb34c28f22e8b96e1ab97ce403110664 -> 
  custom:video-codec-MediaFoundation-h265: 746d11721c4dcdbdad8f713fa42b33f4 -> 
  custom:audio-encoder-webm-vorbis: bf7c407c2cedff20999df2af8eb42d56 -> 
  custom:framework-win-MediaFoundation: 216162199b28c13a410421893ffa2e32 -> 
  custom:container-demuxer-ogg: 62fdf1f143b41e24485cea50d1cbac27 -> 
  custom:video-decoder-webm-vp8: 9c59270c3fd7afecdb556c50c9e8de78 -> 
  custom:audio-decoder-ogg-vorbis: bf7c407c2cedff20999df2af8eb42d56 -> 
========================================================================
Received Import Request.
  Time since last request: 15.028972 seconds.
  path: Assets/Scripts/Sound/Globals.cs
  artifactKey: Guid(e37243cfe6294264b86d395abcd03bbd) Importer(815301076,1909f56bfc062723c751e8b465ee728b)
Start importing Assets/Scripts/Sound/Globals.cs using Guid(e37243cfe6294264b86d395abcd03bbd) Importer(815301076,1909f56bfc062723c751e8b465ee728b)  -> (artifact id: '456f7c6b8b1314cd3bd97ed115aace92') in 0.007128 seconds 
========================================================================
Received Prepare
Registering precompiled user dll's ...
Registered in 0.029390 seconds.
Begin MonoManager ReloadAssembly
Symbol file LoadedFromMemory doesn't match image E:\unity\text\UI-背包系统\Library\PackageCache\com.unity.visualscripting@1.8.0\Editor\VisualScripting.Core\Dependencies\YamlDotNet\Unity.VisualScripting.YamlDotNet.dll
Symbol file LoadedFromMemory doesn't match image E:\unity\text\UI-背包系统\Library\PackageCache\com.unity.visualscripting@1.8.0\Editor\VisualScripting.Core\Dependencies\DotNetZip\Unity.VisualScripting.IonicZip.dll
Native extension for LinuxStandalone target not found
Native extension for WindowsStandalone target not found
Native extension for Android target not found
Refreshing native plugins compatible for Editor in 0.64 ms, found 3 plugins.
Preloading 0 native plugins for Editor in 0.00 ms.
Mono: successfully reloaded assembly
- Completed reload, in  2.033 seconds
Domain Reload Profiling:
	ReloadAssembly (2034ms)
		BeginReloadAssembly (274ms)
			ExecutionOrderSort (0ms)
			DisableScriptedObjects (7ms)
			BackupInstance (0ms)
			ReleaseScriptingObjects (0ms)
			CreateAndSetChildDomain (53ms)
		EndReloadAssembly (1536ms)
			LoadAssemblies (207ms)
			RebuildTransferFunctionScriptingTraits (0ms)
			SetupTypeCache (498ms)
			ReleaseScriptCaches (1ms)
			RebuildScriptCaches (40ms)
			SetupLoadedEditorAssemblies (762ms)
				LogAssemblyErrors (0ms)
				InitializePlatformSupportModulesInManaged (32ms)
				SetLoadedEditorAssemblies (1ms)
				RefreshPlugins (1ms)
				BeforeProcessingInitializeOnLoad (119ms)
				ProcessInitializeOnLoadAttributes (541ms)
				ProcessInitializeOnLoadMethodAttributes (38ms)
				AfterProcessingInitializeOnLoad (30ms)
				EditorAssembliesLoaded (0ms)
			ExecutionOrderSort2 (0ms)
			AwakeInstancesAfterBackupRestoration (11ms)
Platform modules already initialized, skipping
Refreshing native plugins compatible for Editor in 4.05 ms, found 3 plugins.
Preloading 0 native plugins for Editor in 0.00 ms.
Unloading 3062 Unused Serialized files (Serialized files now loaded: 0)
Unloading 19 unused Assets / (80.4 KB). Loaded Objects now: 3571.
Memory consumption went from 113.3 MB to 113.2 MB.
Total: 4.263700 ms (FindLiveObjects: 0.218800 ms CreateObjectMapping: 0.096800 ms MarkObjects: 3.803800 ms  DeleteObjects: 0.143000 ms)

AssetImportParameters requested are different than current active one (requested -> active):
  custom:video-decoder-ogg-theora: a1e56fd34408186e4bbccfd4996cb3dc -> 
  custom:container-muxer-webm: aa71ff27fc2769a1b78a27578f13a17b -> 
  custom:container-demuxer-webm: 4f35f7cbe854078d1ac9338744f61a02 -> 
  custom:video-encoder-webm-vp8: eb34c28f22e8b96e1ab97ce403110664 -> 
  custom:video-codec-MediaFoundation-h265: 746d11721c4dcdbdad8f713fa42b33f4 -> 
  custom:audio-encoder-webm-vorbis: bf7c407c2cedff20999df2af8eb42d56 -> 
  custom:framework-win-MediaFoundation: 216162199b28c13a410421893ffa2e32 -> 
  custom:container-demuxer-ogg: 62fdf1f143b41e24485cea50d1cbac27 -> 
  custom:video-decoder-webm-vp8: 9c59270c3fd7afecdb556c50c9e8de78 -> 
  custom:audio-decoder-ogg-vorbis: bf7c407c2cedff20999df2af8eb42d56 -> 
========================================================================
Received Import Request.
  Time since last request: 11.846883 seconds.
  path: Assets/Scripts/Sound/Globals.cs
  artifactKey: Guid(e37243cfe6294264b86d395abcd03bbd) Importer(815301076,1909f56bfc062723c751e8b465ee728b)
Start importing Assets/Scripts/Sound/Globals.cs using Guid(e37243cfe6294264b86d395abcd03bbd) Importer(815301076,1909f56bfc062723c751e8b465ee728b)  -> (artifact id: 'bdb9cdf63d4f7fefb1f7202f2da61141') in 0.007965 seconds 
========================================================================
Received Prepare
Registering precompiled user dll's ...
Registered in 0.020460 seconds.
Begin MonoManager ReloadAssembly
Symbol file LoadedFromMemory doesn't match image E:\unity\text\UI-背包系统\Library\PackageCache\com.unity.visualscripting@1.8.0\Editor\VisualScripting.Core\Dependencies\YamlDotNet\Unity.VisualScripting.YamlDotNet.dll
Symbol file LoadedFromMemory doesn't match image E:\unity\text\UI-背包系统\Library\PackageCache\com.unity.visualscripting@1.8.0\Editor\VisualScripting.Core\Dependencies\DotNetZip\Unity.VisualScripting.IonicZip.dll
Native extension for LinuxStandalone target not found
Native extension for WindowsStandalone target not found
Native extension for Android target not found
Refreshing native plugins compatible for Editor in 0.49 ms, found 3 plugins.
Preloading 0 native plugins for Editor in 0.00 ms.
Mono: successfully reloaded assembly
- Completed reload, in  2.021 seconds
Domain Reload Profiling:
	ReloadAssembly (2022ms)
		BeginReloadAssembly (298ms)
			ExecutionOrderSort (0ms)
			DisableScriptedObjects (7ms)
			BackupInstance (0ms)
			ReleaseScriptingObjects (0ms)
			CreateAndSetChildDomain (59ms)
		EndReloadAssembly (1509ms)
			LoadAssemblies (223ms)
			RebuildTransferFunctionScriptingTraits (0ms)
			SetupTypeCache (406ms)
			ReleaseScriptCaches (1ms)
			RebuildScriptCaches (63ms)
			SetupLoadedEditorAssemblies (759ms)
				LogAssemblyErrors (0ms)
				InitializePlatformSupportModulesInManaged (33ms)
				SetLoadedEditorAssemblies (1ms)
				RefreshPlugins (1ms)
				BeforeProcessingInitializeOnLoad (133ms)
				ProcessInitializeOnLoadAttributes (545ms)
				ProcessInitializeOnLoadMethodAttributes (20ms)
				AfterProcessingInitializeOnLoad (27ms)
				EditorAssembliesLoaded (0ms)
			ExecutionOrderSort2 (0ms)
			AwakeInstancesAfterBackupRestoration (17ms)
Platform modules already initialized, skipping
Refreshing native plugins compatible for Editor in 4.15 ms, found 3 plugins.
Preloading 0 native plugins for Editor in 0.00 ms.
Unloading 3062 Unused Serialized files (Serialized files now loaded: 0)
Unloading 19 unused Assets / (80.3 KB). Loaded Objects now: 3574.
Memory consumption went from 113.3 MB to 113.3 MB.
Total: 5.443500 ms (FindLiveObjects: 0.329100 ms CreateObjectMapping: 0.154300 ms MarkObjects: 4.831600 ms  DeleteObjects: 0.126500 ms)

AssetImportParameters requested are different than current active one (requested -> active):
  custom:video-decoder-ogg-theora: a1e56fd34408186e4bbccfd4996cb3dc -> 
  custom:container-muxer-webm: aa71ff27fc2769a1b78a27578f13a17b -> 
  custom:container-demuxer-webm: 4f35f7cbe854078d1ac9338744f61a02 -> 
  custom:video-encoder-webm-vp8: eb34c28f22e8b96e1ab97ce403110664 -> 
  custom:video-codec-MediaFoundation-h265: 746d11721c4dcdbdad8f713fa42b33f4 -> 
  custom:audio-encoder-webm-vorbis: bf7c407c2cedff20999df2af8eb42d56 -> 
  custom:framework-win-MediaFoundation: 216162199b28c13a410421893ffa2e32 -> 
  custom:container-demuxer-ogg: 62fdf1f143b41e24485cea50d1cbac27 -> 
  custom:video-decoder-webm-vp8: 9c59270c3fd7afecdb556c50c9e8de78 -> 
  custom:audio-decoder-ogg-vorbis: bf7c407c2cedff20999df2af8eb42d56 -> 
========================================================================
Received Import Request.
  Time since last request: 100.208160 seconds.
  path: Assets/Scripts/Sound/Globals.cs
  artifactKey: Guid(e37243cfe6294264b86d395abcd03bbd) Importer(815301076,1909f56bfc062723c751e8b465ee728b)
Start importing Assets/Scripts/Sound/Globals.cs using Guid(e37243cfe6294264b86d395abcd03bbd) Importer(815301076,1909f56bfc062723c751e8b465ee728b)  -> (artifact id: '4baeba38230c3808cf567d0d75876c5b') in 0.014490 seconds 
========================================================================
Received Prepare
Registering precompiled user dll's ...
Registered in 0.022949 seconds.
Begin MonoManager ReloadAssembly
Symbol file LoadedFromMemory doesn't match image E:\unity\text\UI-背包系统\Library\PackageCache\com.unity.visualscripting@1.8.0\Editor\VisualScripting.Core\Dependencies\YamlDotNet\Unity.VisualScripting.YamlDotNet.dll
Symbol file LoadedFromMemory doesn't match image E:\unity\text\UI-背包系统\Library\PackageCache\com.unity.visualscripting@1.8.0\Editor\VisualScripting.Core\Dependencies\DotNetZip\Unity.VisualScripting.IonicZip.dll
Native extension for LinuxStandalone target not found
Native extension for WindowsStandalone target not found
Native extension for Android target not found
Refreshing native plugins compatible for Editor in 1.37 ms, found 3 plugins.
Preloading 0 native plugins for Editor in 0.00 ms.
Mono: successfully reloaded assembly
- Completed reload, in  2.106 seconds
Domain Reload Profiling:
	ReloadAssembly (2107ms)
		BeginReloadAssembly (269ms)
			ExecutionOrderSort (0ms)
			DisableScriptedObjects (6ms)
			BackupInstance (0ms)
			ReleaseScriptingObjects (0ms)
			CreateAndSetChildDomain (56ms)
		EndReloadAssembly (1624ms)
			LoadAssemblies (215ms)
			RebuildTransferFunctionScriptingTraits (0ms)
			SetupTypeCache (491ms)
			ReleaseScriptCaches (1ms)
			RebuildScriptCaches (82ms)
			SetupLoadedEditorAssemblies (790ms)
				LogAssemblyErrors (0ms)
				InitializePlatformSupportModulesInManaged (48ms)
				SetLoadedEditorAssemblies (1ms)
				RefreshPlugins (2ms)
				BeforeProcessingInitializeOnLoad (141ms)
				ProcessInitializeOnLoadAttributes (550ms)
				ProcessInitializeOnLoadMethodAttributes (22ms)
				AfterProcessingInitializeOnLoad (27ms)
				EditorAssembliesLoaded (0ms)
			ExecutionOrderSort2 (0ms)
			AwakeInstancesAfterBackupRestoration (20ms)
Platform modules already initialized, skipping
Refreshing native plugins compatible for Editor in 5.26 ms, found 3 plugins.
Preloading 0 native plugins for Editor in 0.00 ms.
Unloading 3062 Unused Serialized files (Serialized files now loaded: 0)
Unloading 19 unused Assets / (80.4 KB). Loaded Objects now: 3577.
Memory consumption went from 113.3 MB to 113.3 MB.
Total: 3.343200 ms (FindLiveObjects: 0.197800 ms CreateObjectMapping: 0.079200 ms MarkObjects: 2.935400 ms  DeleteObjects: 0.129500 ms)

AssetImportParameters requested are different than current active one (requested -> active):
  custom:video-decoder-ogg-theora: a1e56fd34408186e4bbccfd4996cb3dc -> 
  custom:container-muxer-webm: aa71ff27fc2769a1b78a27578f13a17b -> 
  custom:container-demuxer-webm: 4f35f7cbe854078d1ac9338744f61a02 -> 
  custom:video-encoder-webm-vp8: eb34c28f22e8b96e1ab97ce403110664 -> 
  custom:video-codec-MediaFoundation-h265: 746d11721c4dcdbdad8f713fa42b33f4 -> 
  custom:audio-encoder-webm-vorbis: bf7c407c2cedff20999df2af8eb42d56 -> 
  custom:framework-win-MediaFoundation: 216162199b28c13a410421893ffa2e32 -> 
  custom:container-demuxer-ogg: 62fdf1f143b41e24485cea50d1cbac27 -> 
  custom:video-decoder-webm-vp8: 9c59270c3fd7afecdb556c50c9e8de78 -> 
  custom:audio-decoder-ogg-vorbis: bf7c407c2cedff20999df2af8eb42d56 -> 
========================================================================
Received Prepare
Registering precompiled user dll's ...
Registered in 0.024368 seconds.
Begin MonoManager ReloadAssembly
Symbol file LoadedFromMemory doesn't match image E:\unity\text\UI-背包系统\Library\PackageCache\com.unity.visualscripting@1.8.0\Editor\VisualScripting.Core\Dependencies\YamlDotNet\Unity.VisualScripting.YamlDotNet.dll
Symbol file LoadedFromMemory doesn't match image E:\unity\text\UI-背包系统\Library\PackageCache\com.unity.visualscripting@1.8.0\Editor\VisualScripting.Core\Dependencies\DotNetZip\Unity.VisualScripting.IonicZip.dll
Native extension for LinuxStandalone target not found
Native extension for WindowsStandalone target not found
Native extension for Android target not found
Refreshing native plugins compatible for Editor in 1.12 ms, found 3 plugins.
Preloading 0 native plugins for Editor in 0.00 ms.
Mono: successfully reloaded assembly
- Completed reload, in  2.150 seconds
Domain Reload Profiling:
	ReloadAssembly (2152ms)
		BeginReloadAssembly (337ms)
			ExecutionOrderSort (0ms)
			DisableScriptedObjects (8ms)
			BackupInstance (0ms)
			ReleaseScriptingObjects (0ms)
			CreateAndSetChildDomain (46ms)
		EndReloadAssembly (1615ms)
			LoadAssemblies (275ms)
			RebuildTransferFunctionScriptingTraits (0ms)
			SetupTypeCache (472ms)
			ReleaseScriptCaches (3ms)
			RebuildScriptCaches (66ms)
			SetupLoadedEditorAssemblies (799ms)
				LogAssemblyErrors (0ms)
				InitializePlatformSupportModulesInManaged (56ms)
				SetLoadedEditorAssemblies (1ms)
				RefreshPlugins (1ms)
				BeforeProcessingInitializeOnLoad (155ms)
				ProcessInitializeOnLoadAttributes (530ms)
				ProcessInitializeOnLoadMethodAttributes (23ms)
				AfterProcessingInitializeOnLoad (31ms)
				EditorAssembliesLoaded (0ms)
			ExecutionOrderSort2 (0ms)
			AwakeInstancesAfterBackupRestoration (14ms)
Platform modules already initialized, skipping
Refreshing native plugins compatible for Editor in 3.15 ms, found 3 plugins.
Preloading 0 native plugins for Editor in 0.00 ms.
Unloading 3062 Unused Serialized files (Serialized files now loaded: 0)
Unloading 19 unused Assets / (80.4 KB). Loaded Objects now: 3580.
Memory consumption went from 113.3 MB to 113.3 MB.
Total: 3.831700 ms (FindLiveObjects: 0.263700 ms CreateObjectMapping: 0.147500 ms MarkObjects: 3.317400 ms  DeleteObjects: 0.101900 ms)

AssetImportParameters requested are different than current active one (requested -> active):
  custom:video-decoder-ogg-theora: a1e56fd34408186e4bbccfd4996cb3dc -> 
  custom:container-muxer-webm: aa71ff27fc2769a1b78a27578f13a17b -> 
  custom:container-demuxer-webm: 4f35f7cbe854078d1ac9338744f61a02 -> 
  custom:video-encoder-webm-vp8: eb34c28f22e8b96e1ab97ce403110664 -> 
  custom:video-codec-MediaFoundation-h265: 746d11721c4dcdbdad8f713fa42b33f4 -> 
  custom:audio-encoder-webm-vorbis: bf7c407c2cedff20999df2af8eb42d56 -> 
  custom:framework-win-MediaFoundation: 216162199b28c13a410421893ffa2e32 -> 
  custom:container-demuxer-ogg: 62fdf1f143b41e24485cea50d1cbac27 -> 
  custom:video-decoder-webm-vp8: 9c59270c3fd7afecdb556c50c9e8de78 -> 
  custom:audio-decoder-ogg-vorbis: bf7c407c2cedff20999df2af8eb42d56 -> 
========================================================================
Received Prepare
Registering precompiled user dll's ...
Registered in 0.030195 seconds.
Begin MonoManager ReloadAssembly
Symbol file LoadedFromMemory doesn't match image E:\unity\text\UI-背包系统\Library\PackageCache\com.unity.visualscripting@1.8.0\Editor\VisualScripting.Core\Dependencies\YamlDotNet\Unity.VisualScripting.YamlDotNet.dll
Symbol file LoadedFromMemory doesn't match image E:\unity\text\UI-背包系统\Library\PackageCache\com.unity.visualscripting@1.8.0\Editor\VisualScripting.Core\Dependencies\DotNetZip\Unity.VisualScripting.IonicZip.dll
Native extension for LinuxStandalone target not found
Native extension for WindowsStandalone target not found
Native extension for Android target not found
Refreshing native plugins compatible for Editor in 0.61 ms, found 3 plugins.
Preloading 0 native plugins for Editor in 0.00 ms.
Mono: successfully reloaded assembly
- Completed reload, in  2.305 seconds
Domain Reload Profiling:
	ReloadAssembly (2306ms)
		BeginReloadAssembly (298ms)
			ExecutionOrderSort (0ms)
			DisableScriptedObjects (6ms)
			BackupInstance (0ms)
			ReleaseScriptingObjects (0ms)
			CreateAndSetChildDomain (54ms)
		EndReloadAssembly (1769ms)
			LoadAssemblies (257ms)
			RebuildTransferFunctionScriptingTraits (0ms)
			SetupTypeCache (485ms)
			ReleaseScriptCaches (1ms)
			RebuildScriptCaches (91ms)
			SetupLoadedEditorAssemblies (863ms)
				LogAssemblyErrors (0ms)
				InitializePlatformSupportModulesInManaged (28ms)
				SetLoadedEditorAssemblies (1ms)
				RefreshPlugins (1ms)
				BeforeProcessingInitializeOnLoad (82ms)
				ProcessInitializeOnLoadAttributes (672ms)
				ProcessInitializeOnLoadMethodAttributes (32ms)
				AfterProcessingInitializeOnLoad (48ms)
				EditorAssembliesLoaded (0ms)
			ExecutionOrderSort2 (0ms)
			AwakeInstancesAfterBackupRestoration (12ms)
Platform modules already initialized, skipping
Refreshing native plugins compatible for Editor in 7.81 ms, found 3 plugins.
Preloading 0 native plugins for Editor in 0.00 ms.
Unloading 3062 Unused Serialized files (Serialized files now loaded: 0)
Unloading 19 unused Assets / (80.5 KB). Loaded Objects now: 3583.
Memory consumption went from 113.3 MB to 113.3 MB.
Total: 2.855500 ms (FindLiveObjects: 0.201100 ms CreateObjectMapping: 0.087400 ms MarkObjects: 2.474600 ms  DeleteObjects: 0.091200 ms)

AssetImportParameters requested are different than current active one (requested -> active):
  custom:video-decoder-ogg-theora: a1e56fd34408186e4bbccfd4996cb3dc -> 
  custom:container-muxer-webm: aa71ff27fc2769a1b78a27578f13a17b -> 
  custom:container-demuxer-webm: 4f35f7cbe854078d1ac9338744f61a02 -> 
  custom:video-encoder-webm-vp8: eb34c28f22e8b96e1ab97ce403110664 -> 
  custom:video-codec-MediaFoundation-h265: 746d11721c4dcdbdad8f713fa42b33f4 -> 
  custom:audio-encoder-webm-vorbis: bf7c407c2cedff20999df2af8eb42d56 -> 
  custom:framework-win-MediaFoundation: 216162199b28c13a410421893ffa2e32 -> 
  custom:container-demuxer-ogg: 62fdf1f143b41e24485cea50d1cbac27 -> 
  custom:video-decoder-webm-vp8: 9c59270c3fd7afecdb556c50c9e8de78 -> 
  custom:audio-decoder-ogg-vorbis: bf7c407c2cedff20999df2af8eb42d56 -> 
========================================================================
Received Import Request.
  Time since last request: 18.933705 seconds.
  path: Assets/Scripts/Sound/Globals.cs
  artifactKey: Guid(e37243cfe6294264b86d395abcd03bbd) Importer(815301076,1909f56bfc062723c751e8b465ee728b)
Start importing Assets/Scripts/Sound/Globals.cs using Guid(e37243cfe6294264b86d395abcd03bbd) Importer(815301076,1909f56bfc062723c751e8b465ee728b)  -> (artifact id: 'ead529cc906319c628abb4fe8e54afaa') in 0.007502 seconds 
========================================================================
Received Import Request.
  Time since last request: 1128.976386 seconds.
  path: Assets/Scripts/Sound/Globals.cs
  artifactKey: Guid(e37243cfe6294264b86d395abcd03bbd) Importer(815301076,1909f56bfc062723c751e8b465ee728b)
Start importing Assets/Scripts/Sound/Globals.cs using Guid(e37243cfe6294264b86d395abcd03bbd) Importer(815301076,1909f56bfc062723c751e8b465ee728b)  -> (artifact id: '81f654a2b0508a5fbd13653221731bc3') in 0.003434 seconds 
========================================================================
Received Prepare
Registering precompiled user dll's ...
Registered in 0.018774 seconds.
Begin MonoManager ReloadAssembly
Symbol file LoadedFromMemory doesn't match image E:\unity\text\UI-背包系统\Library\PackageCache\com.unity.visualscripting@1.8.0\Editor\VisualScripting.Core\Dependencies\YamlDotNet\Unity.VisualScripting.YamlDotNet.dll
Symbol file LoadedFromMemory doesn't match image E:\unity\text\UI-背包系统\Library\PackageCache\com.unity.visualscripting@1.8.0\Editor\VisualScripting.Core\Dependencies\DotNetZip\Unity.VisualScripting.IonicZip.dll
Native extension for LinuxStandalone target not found
Native extension for WindowsStandalone target not found
Native extension for Android target not found
Refreshing native plugins compatible for Editor in 1.01 ms, found 3 plugins.
Preloading 0 native plugins for Editor in 0.00 ms.
Mono: successfully reloaded assembly
- Completed reload, in  2.088 seconds
Domain Reload Profiling:
	ReloadAssembly (2090ms)
		BeginReloadAssembly (305ms)
			ExecutionOrderSort (0ms)
			DisableScriptedObjects (11ms)
			BackupInstance (0ms)
			ReleaseScriptingObjects (0ms)
			CreateAndSetChildDomain (72ms)
		EndReloadAssembly (1625ms)
			LoadAssemblies (194ms)
			RebuildTransferFunctionScriptingTraits (0ms)
			SetupTypeCache (458ms)
			ReleaseScriptCaches (2ms)
			RebuildScriptCaches (63ms)
			SetupLoadedEditorAssemblies (802ms)
				LogAssemblyErrors (0ms)
				InitializePlatformSupportModulesInManaged (49ms)
				SetLoadedEditorAssemblies (1ms)
				RefreshPlugins (1ms)
				BeforeProcessingInitializeOnLoad (125ms)
				ProcessInitializeOnLoadAttributes (568ms)
				ProcessInitializeOnLoadMethodAttributes (27ms)
				AfterProcessingInitializeOnLoad (31ms)
				EditorAssembliesLoaded (0ms)
			ExecutionOrderSort2 (0ms)
			AwakeInstancesAfterBackupRestoration (23ms)
Platform modules already initialized, skipping
Refreshing native plugins compatible for Editor in 3.29 ms, found 3 plugins.
Preloading 0 native plugins for Editor in 0.00 ms.
Unloading 3062 Unused Serialized files (Serialized files now loaded: 0)
Unloading 19 unused Assets / (80.4 KB). Loaded Objects now: 3586.
Memory consumption went from 113.4 MB to 113.3 MB.
Total: 3.496100 ms (FindLiveObjects: 0.241300 ms CreateObjectMapping: 0.152100 ms MarkObjects: 3.016900 ms  DeleteObjects: 0.084800 ms)

AssetImportParameters requested are different than current active one (requested -> active):
  custom:video-decoder-ogg-theora: a1e56fd34408186e4bbccfd4996cb3dc -> 
  custom:container-muxer-webm: aa71ff27fc2769a1b78a27578f13a17b -> 
  custom:container-demuxer-webm: 4f35f7cbe854078d1ac9338744f61a02 -> 
  custom:video-encoder-webm-vp8: eb34c28f22e8b96e1ab97ce403110664 -> 
  custom:video-codec-MediaFoundation-h265: 746d11721c4dcdbdad8f713fa42b33f4 -> 
  custom:audio-encoder-webm-vorbis: bf7c407c2cedff20999df2af8eb42d56 -> 
  custom:framework-win-MediaFoundation: 216162199b28c13a410421893ffa2e32 -> 
  custom:container-demuxer-ogg: 62fdf1f143b41e24485cea50d1cbac27 -> 
  custom:video-decoder-webm-vp8: 9c59270c3fd7afecdb556c50c9e8de78 -> 
  custom:audio-decoder-ogg-vorbis: bf7c407c2cedff20999df2af8eb42d56 -> 
========================================================================
Received Import Request.
  Time since last request: 98.949211 seconds.
  path: Assets/Scripts/UI_2.cs
  artifactKey: Guid(6a134fde747fab6428c80e67805366a3) Importer(815301076,1909f56bfc062723c751e8b465ee728b)
Start importing Assets/Scripts/UI_2.cs using Guid(6a134fde747fab6428c80e67805366a3) Importer(815301076,1909f56bfc062723c751e8b465ee728b)  -> (artifact id: '055f0bf80e212a113548771492f94ac9') in 0.010103 seconds 
========================================================================
Received Import Request.
  Time since last request: 0.724181 seconds.
  path: Assets/Scripts/UI_1.cs
  artifactKey: Guid(c90a71abb56405f449b0ab414c07f1f1) Importer(815301076,1909f56bfc062723c751e8b465ee728b)
Start importing Assets/Scripts/UI_1.cs using Guid(c90a71abb56405f449b0ab414c07f1f1) Importer(815301076,1909f56bfc062723c751e8b465ee728b)  -> (artifact id: '35c2b71f08ca8f530fdc9212d70350e9') in 0.003436 seconds 
