Using pre-set license
Built from '2021.3/china_unity/release' branch; Version is '2021.3.20f1c1 (7cf0fbd73406) revision 8188155'; Using compiler version '192829333'; Build Type 'Release'
OS: 'Windows 10  (10.0.19045) 64bit CoreCountrySpecific' Language: 'zh' Physical Memory: 16167 MB
BatchMode: 1, IsHumanControllingUs: 0, StartBugReporterOnCrash: 0, Is64bit: 1, IsPro: 1

COMMAND LINE ARGUMENTS:
E:\unity\2021.3.20f1c1\Editor\Unity.exe
-adb2
-batchMode
-noUpm
-name
AssetImportWorker0
-projectPath
E:/unity/text/UI-背包系统
-logFile
Logs/AssetImportWorker0.log
-srvPort
10150
Successfully changed project path to: E:/unity/text/UI-背包系统
E:/unity/text/UI-背包系统
[UnityMemory] Configuration Parameters - Can be set up in boot.config
    "memorysetup-bucket-allocator-granularity=16"
    "memorysetup-bucket-allocator-bucket-count=8"
    "memorysetup-bucket-allocator-block-size=33554432"
    "memorysetup-bucket-allocator-block-count=8"
    "memorysetup-main-allocator-block-size=16777216"
    "memorysetup-thread-allocator-block-size=16777216"
    "memorysetup-gfx-main-allocator-block-size=16777216"
    "memorysetup-gfx-thread-allocator-block-size=16777216"
    "memorysetup-cache-allocator-block-size=4194304"
    "memorysetup-typetree-allocator-block-size=2097152"
    "memorysetup-profiler-bucket-allocator-granularity=16"
    "memorysetup-profiler-bucket-allocator-bucket-count=8"
    "memorysetup-profiler-bucket-allocator-block-size=33554432"
    "memorysetup-profiler-bucket-allocator-block-count=8"
    "memorysetup-profiler-allocator-block-size=16777216"
    "memorysetup-profiler-editor-allocator-block-size=1048576"
    "memorysetup-temp-allocator-size-main=16777216"
    "memorysetup-job-temp-allocator-block-size=2097152"
    "memorysetup-job-temp-allocator-block-size-background=1048576"
    "memorysetup-job-temp-allocator-reduction-small-platforms=262144"
    "memorysetup-temp-allocator-size-background-worker=32768"
    "memorysetup-temp-allocator-size-job-worker=262144"
    "memorysetup-temp-allocator-size-preload-manager=33554432"
    "memorysetup-temp-allocator-size-nav-mesh-worker=65536"
    "memorysetup-temp-allocator-size-audio-worker=65536"
    "memorysetup-temp-allocator-size-cloud-worker=32768"
    "memorysetup-temp-allocator-size-gi-baking-worker=262144"
    "memorysetup-temp-allocator-size-gfx=262144"
Player connection [12196] Host "[IP] 172.16.3.57 [Port] 0 [Flags] 2 [Guid] 962801264 [EditorId] 962801264 [Version] 1048832 [Id] WindowsEditor(7,LAPTOP-7KBC3NGK) [Debug] 1 [PackageName] WindowsEditor [ProjectName] Editor" joined multi-casting on [225.0.0.222:54997]...

Player connection [12196] Host "[IP] 172.16.3.57 [Port] 0 [Flags] 2 [Guid] 962801264 [EditorId] 962801264 [Version] 1048832 [Id] WindowsEditor(7,LAPTOP-7KBC3NGK) [Debug] 1 [PackageName] WindowsEditor [ProjectName] Editor" joined alternative multi-casting on [225.0.0.222:34997]...

AS: AutoStreaming module initializing.
Refreshing native plugins compatible for Editor in 84.51 ms, found 3 plugins.
Preloading 0 native plugins for Editor in 0.00 ms.
Initialize engine version: 2021.3.20f1c1 (7cf0fbd73406)
[Subsystems] Discovering subsystems at path E:/unity/2021.3.20f1c1/Editor/Data/Resources/UnitySubsystems
[Subsystems] Discovering subsystems at path E:/unity/text/UI-背包系统/Assets
GfxDevice: creating device client; threaded=0; jobified=0
Direct3D:
    Version:  Direct3D 11.0 [level 11.1]
    Renderer: Intel(R) Iris(R) Xe Graphics (ID=0x9a49)
    Vendor:   Intel
    VRAM:     8083 MB
    Driver:   31.0.101.4824
Initialize mono
Mono path[0] = 'E:/unity/2021.3.20f1c1/Editor/Data/Managed'
Mono path[1] = 'E:/unity/2021.3.20f1c1/Editor/Data/MonoBleedingEdge/lib/mono/unityjit-win32'
Mono config path = 'E:/unity/2021.3.20f1c1/Editor/Data/MonoBleedingEdge/etc'
Using monoOptions --debugger-agent=transport=dt_socket,embedding=1,server=y,suspend=n,address=127.0.0.1:56912
Begin MonoManager ReloadAssembly
Registering precompiled unity dll's ...
Register platform support module: E:/unity/2021.3.20f1c1/Editor/Data/PlaybackEngines/AndroidPlayer/UnityEditor.Android.Extensions.dll
Register platform support module: E:/unity/2021.3.20f1c1/Editor/Data/PlaybackEngines/WindowsStandaloneSupport/UnityEditor.WindowsStandalone.Extensions.dll
Register platform support module: E:/unity/2021.3.20f1c1/Editor/Data/PlaybackEngines/LinuxStandaloneSupport/UnityEditor.LinuxStandalone.Extensions.dll
Registered in 0.006690 seconds.
Native extension for LinuxStandalone target not found
Native extension for WindowsStandalone target not found
Native extension for Android target not found
Android Extension - Scanning For ADB Devices 513 ms
Refreshing native plugins compatible for Editor in 65.37 ms, found 3 plugins.
Preloading 0 native plugins for Editor in 0.00 ms.
Mono: successfully reloaded assembly
- Completed reload, in  1.170 seconds
Domain Reload Profiling:
	ReloadAssembly (1170ms)
		BeginReloadAssembly (114ms)
			ExecutionOrderSort (0ms)
			DisableScriptedObjects (0ms)
			BackupInstance (0ms)
			ReleaseScriptingObjects (0ms)
			CreateAndSetChildDomain (1ms)
		EndReloadAssembly (950ms)
			LoadAssemblies (109ms)
			RebuildTransferFunctionScriptingTraits (0ms)
			SetupTypeCache (107ms)
			ReleaseScriptCaches (0ms)
			RebuildScriptCaches (26ms)
			SetupLoadedEditorAssemblies (763ms)
				LogAssemblyErrors (0ms)
				InitializePlatformSupportModulesInManaged (575ms)
				SetLoadedEditorAssemblies (0ms)
				RefreshPlugins (65ms)
				BeforeProcessingInitializeOnLoad (1ms)
				ProcessInitializeOnLoadAttributes (81ms)
				ProcessInitializeOnLoadMethodAttributes (40ms)
				AfterProcessingInitializeOnLoad (0ms)
				EditorAssembliesLoaded (0ms)
			ExecutionOrderSort2 (0ms)
			AwakeInstancesAfterBackupRestoration (0ms)
Platform modules already initialized, skipping
Registering precompiled user dll's ...
Registered in 0.017132 seconds.
Begin MonoManager ReloadAssembly
Symbol file LoadedFromMemory doesn't match image E:\unity\text\UI-背包系统\Library\PackageCache\com.unity.visualscripting@1.8.0\Editor\VisualScripting.Core\Dependencies\YamlDotNet\Unity.VisualScripting.YamlDotNet.dll
Symbol file LoadedFromMemory doesn't match image E:\unity\text\UI-背包系统\Library\PackageCache\com.unity.visualscripting@1.8.0\Editor\VisualScripting.Core\Dependencies\DotNetZip\Unity.VisualScripting.IonicZip.dll
Native extension for LinuxStandalone target not found
Native extension for WindowsStandalone target not found
Native extension for Android target not found
Refreshing native plugins compatible for Editor in 0.44 ms, found 3 plugins.
Preloading 0 native plugins for Editor in 0.00 ms.
Mono: successfully reloaded assembly
- Completed reload, in  1.182 seconds
Domain Reload Profiling:
	ReloadAssembly (1182ms)
		BeginReloadAssembly (145ms)
			ExecutionOrderSort (0ms)
			DisableScriptedObjects (6ms)
			BackupInstance (0ms)
			ReleaseScriptingObjects (0ms)
			CreateAndSetChildDomain (22ms)
		EndReloadAssembly (910ms)
			LoadAssemblies (126ms)
			RebuildTransferFunctionScriptingTraits (0ms)
			SetupTypeCache (234ms)
			ReleaseScriptCaches (0ms)
			RebuildScriptCaches (45ms)
			SetupLoadedEditorAssemblies (487ms)
				LogAssemblyErrors (0ms)
				InitializePlatformSupportModulesInManaged (18ms)
				SetLoadedEditorAssemblies (0ms)
				RefreshPlugins (1ms)
				BeforeProcessingInitializeOnLoad (83ms)
				ProcessInitializeOnLoadAttributes (348ms)
				ProcessInitializeOnLoadMethodAttributes (20ms)
				AfterProcessingInitializeOnLoad (17ms)
				EditorAssembliesLoaded (0ms)
			ExecutionOrderSort2 (0ms)
			AwakeInstancesAfterBackupRestoration (9ms)
Platform modules already initialized, skipping
========================================================================
Worker process is ready to serve import requests
Launched and connected shader compiler UnityShaderCompiler.exe after 0.08 seconds
Refreshing native plugins compatible for Editor in 0.45 ms, found 3 plugins.
Preloading 0 native plugins for Editor in 0.00 ms.
Unloading 3080 Unused Serialized files (Serialized files now loaded: 0)
Unloading 26 unused Assets / (113.6 KB). Loaded Objects now: 3547.
Memory consumption went from 114.7 MB to 114.6 MB.
Total: 3.722200 ms (FindLiveObjects: 0.207100 ms CreateObjectMapping: 0.090800 ms MarkObjects: 3.219800 ms  DeleteObjects: 0.202600 ms)

AssetImportParameters requested are different than current active one (requested -> active):
  custom:video-decoder-ogg-theora: a1e56fd34408186e4bbccfd4996cb3dc -> 
  custom:container-muxer-webm: aa71ff27fc2769a1b78a27578f13a17b -> 
  custom:container-demuxer-webm: 4f35f7cbe854078d1ac9338744f61a02 -> 
  custom:video-encoder-webm-vp8: eb34c28f22e8b96e1ab97ce403110664 -> 
  custom:video-codec-MediaFoundation-h265: 746d11721c4dcdbdad8f713fa42b33f4 -> 
  custom:audio-encoder-webm-vorbis: bf7c407c2cedff20999df2af8eb42d56 -> 
  custom:framework-win-MediaFoundation: 216162199b28c13a410421893ffa2e32 -> 
  custom:container-demuxer-ogg: 62fdf1f143b41e24485cea50d1cbac27 -> 
  custom:video-decoder-webm-vp8: 9c59270c3fd7afecdb556c50c9e8de78 -> 
  custom:audio-decoder-ogg-vorbis: bf7c407c2cedff20999df2af8eb42d56 -> 
========================================================================
Received Import Request.
  Time since last request: 5974.190433 seconds.
  path: Assets/Resources/DOTweenSettings.asset
  artifactKey: Guid(445601c939dac864181ef83dabcbc168) Importer(815301076,1909f56bfc062723c751e8b465ee728b)
Start importing Assets/Resources/DOTweenSettings.asset using Guid(445601c939dac864181ef83dabcbc168) Importer(815301076,1909f56bfc062723c751e8b465ee728b)  -> (artifact id: '3adfdfd5b8c74a85f0dcf0271c40831c') in 0.070144 seconds 
========================================================================
Received Import Request.
  Time since last request: 23.970562 seconds.
  path: Assets/Resources/Prefabs/UI/PackageUIItem.prefab
  artifactKey: Guid(040387dcd8eb8cf468f972aa9a835298) Importer(815301076,1909f56bfc062723c751e8b465ee728b)
Start importing Assets/Resources/Prefabs/UI/PackageUIItem.prefab using Guid(040387dcd8eb8cf468f972aa9a835298) Importer(815301076,1909f56bfc062723c751e8b465ee728b)  -> (artifact id: '31f7a0688da13a8c6d91ac876b4d5214') in 0.021190 seconds 
========================================================================
Received Import Request.
  Time since last request: 66.983560 seconds.
  path: Assets/Resources/Prefabs/UI/PackageUIItem.prefab
  artifactKey: Guid(040387dcd8eb8cf468f972aa9a835298) Importer(815301076,1909f56bfc062723c751e8b465ee728b)
Start importing Assets/Resources/Prefabs/UI/PackageUIItem.prefab using Guid(040387dcd8eb8cf468f972aa9a835298) Importer(815301076,1909f56bfc062723c751e8b465ee728b)  -> (artifact id: '180ee1818ff71b0e25e822e1e009c6fa') in 0.010305 seconds 
========================================================================
Received Import Request.
  Time since last request: 35.983263 seconds.
  path: Assets/Resources/Prefabs/UI/PackageUIItem.prefab
  artifactKey: Guid(040387dcd8eb8cf468f972aa9a835298) Importer(815301076,1909f56bfc062723c751e8b465ee728b)
Start importing Assets/Resources/Prefabs/UI/PackageUIItem.prefab using Guid(040387dcd8eb8cf468f972aa9a835298) Importer(815301076,1909f56bfc062723c751e8b465ee728b)  -> (artifact id: 'a1ada77c1e614323ef17f689e871e8b4') in 0.005045 seconds 
========================================================================
Received Import Request.
  Time since last request: 14.595947 seconds.
  path: Assets/Resources/Prefabs/UI/PackageUIItem.prefab
  artifactKey: Guid(040387dcd8eb8cf468f972aa9a835298) Importer(815301076,1909f56bfc062723c751e8b465ee728b)
Start importing Assets/Resources/Prefabs/UI/PackageUIItem.prefab using Guid(040387dcd8eb8cf468f972aa9a835298) Importer(815301076,1909f56bfc062723c751e8b465ee728b)  -> (artifact id: 'ef1b920b32eaa6cb98679c048e7654d9') in 0.005663 seconds 
========================================================================
Received Import Request.
  Time since last request: 2.817316 seconds.
  path: Assets/Resources/Prefabs/UI/PackageUIItem.prefab
  artifactKey: Guid(040387dcd8eb8cf468f972aa9a835298) Importer(815301076,1909f56bfc062723c751e8b465ee728b)
Start importing Assets/Resources/Prefabs/UI/PackageUIItem.prefab using Guid(040387dcd8eb8cf468f972aa9a835298) Importer(815301076,1909f56bfc062723c751e8b465ee728b)  -> (artifact id: '56c7a3c0dece59d493f4b98c069b50bf') in 0.005506 seconds 
========================================================================
Received Import Request.
  Time since last request: 1119.274792 seconds.
  path: Assets/Resources/Prefabs/Stars.prefab
  artifactKey: Guid(52eba2a463cba10428c4d054b98b04e4) Importer(815301076,1909f56bfc062723c751e8b465ee728b)
Start importing Assets/Resources/Prefabs/Stars.prefab using Guid(52eba2a463cba10428c4d054b98b04e4) Importer(815301076,1909f56bfc062723c751e8b465ee728b)  -> (artifact id: '50925fd121fd7016eea0724bdc616bd9') in 0.009489 seconds 
========================================================================
Received Import Request.
  Time since last request: 3.792609 seconds.
  path: Assets/Resources/Prefabs/UI/PackageUIItem.prefab
  artifactKey: Guid(040387dcd8eb8cf468f972aa9a835298) Importer(815301076,1909f56bfc062723c751e8b465ee728b)
Start importing Assets/Resources/Prefabs/UI/PackageUIItem.prefab using Guid(040387dcd8eb8cf468f972aa9a835298) Importer(815301076,1909f56bfc062723c751e8b465ee728b)  -> (artifact id: '64123fb572d85e71a7d152c01e6a2d1d') in 0.009923 seconds 
========================================================================
Received Import Request.
  Time since last request: 21.403698 seconds.
  path: Assets/Resources/Prefabs/UI/PackagePanel.prefab
  artifactKey: Guid(def8136684f6a604abaff661174cce51) Importer(815301076,1909f56bfc062723c751e8b465ee728b)
Start importing Assets/Resources/Prefabs/UI/PackagePanel.prefab using Guid(def8136684f6a604abaff661174cce51) Importer(815301076,1909f56bfc062723c751e8b465ee728b)  -> (artifact id: 'a1b45ebc336bd0c3d65ecdb412263746') in 0.029340 seconds 
========================================================================
Received Import Request.
  Time since last request: 109.470736 seconds.
  path: Assets/Resources/Prefabs/UI/PackagePanel.prefab
  artifactKey: Guid(def8136684f6a604abaff661174cce51) Importer(815301076,1909f56bfc062723c751e8b465ee728b)
Start importing Assets/Resources/Prefabs/UI/PackagePanel.prefab using Guid(def8136684f6a604abaff661174cce51) Importer(815301076,1909f56bfc062723c751e8b465ee728b)  -> (artifact id: '5048fd3dadd20e898fcd28b49f313fd3') in 0.022096 seconds 
========================================================================
Received Import Request.
  Time since last request: 25.644686 seconds.
  path: Assets/Resources/Prefabs/UI/PackagePanel.prefab
  artifactKey: Guid(def8136684f6a604abaff661174cce51) Importer(815301076,1909f56bfc062723c751e8b465ee728b)
Start importing Assets/Resources/Prefabs/UI/PackagePanel.prefab using Guid(def8136684f6a604abaff661174cce51) Importer(815301076,1909f56bfc062723c751e8b465ee728b)  -> (artifact id: '57353bfb50ec66bde739b3d624cb2d64') in 0.025280 seconds 
========================================================================
Received Import Request.
  Time since last request: 4.265532 seconds.
  path: Assets/Resources/Prefabs/UI/PackagePanel.prefab
  artifactKey: Guid(def8136684f6a604abaff661174cce51) Importer(815301076,1909f56bfc062723c751e8b465ee728b)
Start importing Assets/Resources/Prefabs/UI/PackagePanel.prefab using Guid(def8136684f6a604abaff661174cce51) Importer(815301076,1909f56bfc062723c751e8b465ee728b)  -> (artifact id: '1f3173683198001da0bf3f131056fbf4') in 0.032765 seconds 
========================================================================
Received Import Request.
  Time since last request: 7.938253 seconds.
  path: Assets/Resources/Prefabs/UI/PackagePanel.prefab
  artifactKey: Guid(def8136684f6a604abaff661174cce51) Importer(815301076,1909f56bfc062723c751e8b465ee728b)
Start importing Assets/Resources/Prefabs/UI/PackagePanel.prefab using Guid(def8136684f6a604abaff661174cce51) Importer(815301076,1909f56bfc062723c751e8b465ee728b)  -> (artifact id: 'ed3bb84412103cdaa79fbda6aa018c8a') in 0.023326 seconds 
========================================================================
Received Import Request.
  Time since last request: 18.456899 seconds.
  path: Assets/Resources/Prefabs/UI/PackagePanel.prefab
  artifactKey: Guid(def8136684f6a604abaff661174cce51) Importer(815301076,1909f56bfc062723c751e8b465ee728b)
Start importing Assets/Resources/Prefabs/UI/PackagePanel.prefab using Guid(def8136684f6a604abaff661174cce51) Importer(815301076,1909f56bfc062723c751e8b465ee728b)  -> (artifact id: 'bc06093ebdbba14394a2fce6f0e9c44f') in 0.025611 seconds 
========================================================================
Received Import Request.
  Time since last request: 2.752230 seconds.
  path: Assets/Resources/Prefabs/UI/PackagePanel.prefab
  artifactKey: Guid(def8136684f6a604abaff661174cce51) Importer(815301076,1909f56bfc062723c751e8b465ee728b)
Start importing Assets/Resources/Prefabs/UI/PackagePanel.prefab using Guid(def8136684f6a604abaff661174cce51) Importer(815301076,1909f56bfc062723c751e8b465ee728b)  -> (artifact id: '4e7b96b216456e3b02471bb7d8467f24') in 0.023894 seconds 
========================================================================
Received Import Request.
  Time since last request: 5.670299 seconds.
  path: Assets/Resources/Prefabs/UI/PackagePanel.prefab
  artifactKey: Guid(def8136684f6a604abaff661174cce51) Importer(815301076,1909f56bfc062723c751e8b465ee728b)
Start importing Assets/Resources/Prefabs/UI/PackagePanel.prefab using Guid(def8136684f6a604abaff661174cce51) Importer(815301076,1909f56bfc062723c751e8b465ee728b)  -> (artifact id: 'eb3afc4dd0e65e049d4c5b534fa26bc4') in 0.026207 seconds 
========================================================================
Received Import Request.
  Time since last request: 2.855027 seconds.
  path: Assets/Resources/Prefabs/UI/PackagePanel.prefab
  artifactKey: Guid(def8136684f6a604abaff661174cce51) Importer(815301076,1909f56bfc062723c751e8b465ee728b)
Start importing Assets/Resources/Prefabs/UI/PackagePanel.prefab using Guid(def8136684f6a604abaff661174cce51) Importer(815301076,1909f56bfc062723c751e8b465ee728b)  -> (artifact id: 'baafee907153c8c121b6095d332cbd9b') in 0.031705 seconds 
========================================================================
Received Import Request.
  Time since last request: 5.564396 seconds.
  path: Assets/Resources/Prefabs/UI/PackagePanel.prefab
  artifactKey: Guid(def8136684f6a604abaff661174cce51) Importer(815301076,1909f56bfc062723c751e8b465ee728b)
Start importing Assets/Resources/Prefabs/UI/PackagePanel.prefab using Guid(def8136684f6a604abaff661174cce51) Importer(815301076,1909f56bfc062723c751e8b465ee728b)  -> (artifact id: '3f4996fc931d9b0fe24206ed34406a17') in 0.023251 seconds 
========================================================================
Received Import Request.
  Time since last request: 1.576401 seconds.
  path: Assets/Resources/Prefabs/UI/PackagePanel.prefab
  artifactKey: Guid(def8136684f6a604abaff661174cce51) Importer(815301076,1909f56bfc062723c751e8b465ee728b)
Start importing Assets/Resources/Prefabs/UI/PackagePanel.prefab using Guid(def8136684f6a604abaff661174cce51) Importer(815301076,1909f56bfc062723c751e8b465ee728b)  -> (artifact id: '265b16daadff5f591eaacc0433049b1d') in 0.027165 seconds 
========================================================================
Received Import Request.
  Time since last request: 5.905771 seconds.
  path: Assets/Resources/Prefabs/UI/PackagePanel.prefab
  artifactKey: Guid(def8136684f6a604abaff661174cce51) Importer(815301076,1909f56bfc062723c751e8b465ee728b)
Start importing Assets/Resources/Prefabs/UI/PackagePanel.prefab using Guid(def8136684f6a604abaff661174cce51) Importer(815301076,1909f56bfc062723c751e8b465ee728b)  -> (artifact id: '022a359ac15af32234e2122bdc2b4769') in 0.023549 seconds 
========================================================================
Received Import Request.
  Time since last request: 2.893565 seconds.
  path: Assets/Resources/Prefabs/UI/PackagePanel.prefab
  artifactKey: Guid(def8136684f6a604abaff661174cce51) Importer(815301076,1909f56bfc062723c751e8b465ee728b)
Start importing Assets/Resources/Prefabs/UI/PackagePanel.prefab using Guid(def8136684f6a604abaff661174cce51) Importer(815301076,1909f56bfc062723c751e8b465ee728b)  -> (artifact id: '611c7a72757c0795da29669df59b997a') in 0.028201 seconds 
========================================================================
Received Import Request.
  Time since last request: 14.434762 seconds.
  path: Assets/Resources/Prefabs/UI/PackagePanel.prefab
  artifactKey: Guid(def8136684f6a604abaff661174cce51) Importer(815301076,1909f56bfc062723c751e8b465ee728b)
Start importing Assets/Resources/Prefabs/UI/PackagePanel.prefab using Guid(def8136684f6a604abaff661174cce51) Importer(815301076,1909f56bfc062723c751e8b465ee728b)  -> (artifact id: '3d24bc12a4f65d5447716a37032e43e7') in 0.027878 seconds 
========================================================================
Received Import Request.
  Time since last request: 2.997686 seconds.
  path: Assets/Resources/Prefabs/UI/PackagePanel.prefab
  artifactKey: Guid(def8136684f6a604abaff661174cce51) Importer(815301076,1909f56bfc062723c751e8b465ee728b)
Start importing Assets/Resources/Prefabs/UI/PackagePanel.prefab using Guid(def8136684f6a604abaff661174cce51) Importer(815301076,1909f56bfc062723c751e8b465ee728b)  -> (artifact id: '728c5d783c60bc0d0856bf76cf5b6535') in 0.022642 seconds 
========================================================================
Received Import Request.
  Time since last request: 3.422868 seconds.
  path: Assets/Resources/Prefabs/UI/PackagePanel.prefab
  artifactKey: Guid(def8136684f6a604abaff661174cce51) Importer(815301076,1909f56bfc062723c751e8b465ee728b)
Start importing Assets/Resources/Prefabs/UI/PackagePanel.prefab using Guid(def8136684f6a604abaff661174cce51) Importer(815301076,1909f56bfc062723c751e8b465ee728b)  -> (artifact id: '26d221f4b4b44358c4558991fcb51f81') in 0.026523 seconds 
========================================================================
Received Import Request.
  Time since last request: 30.868268 seconds.
  path: Assets/Resources/Prefabs/UI/PackagePanel.prefab
  artifactKey: Guid(def8136684f6a604abaff661174cce51) Importer(815301076,1909f56bfc062723c751e8b465ee728b)
Start importing Assets/Resources/Prefabs/UI/PackagePanel.prefab using Guid(def8136684f6a604abaff661174cce51) Importer(815301076,1909f56bfc062723c751e8b465ee728b)  -> (artifact id: '187d034790cc440788aaad1e6e5986ab') in 0.024611 seconds 
========================================================================
Received Import Request.
  Time since last request: 5.207316 seconds.
  path: Assets/Resources/Prefabs/UI/PackagePanel.prefab
  artifactKey: Guid(def8136684f6a604abaff661174cce51) Importer(815301076,1909f56bfc062723c751e8b465ee728b)
Start importing Assets/Resources/Prefabs/UI/PackagePanel.prefab using Guid(def8136684f6a604abaff661174cce51) Importer(815301076,1909f56bfc062723c751e8b465ee728b)  -> (artifact id: 'd237d952b8ca5dac51a114db4d0e5dba') in 0.029682 seconds 
========================================================================
Received Import Request.
  Time since last request: 2.761418 seconds.
  path: Assets/Resources/Prefabs/UI/PackagePanel.prefab
  artifactKey: Guid(def8136684f6a604abaff661174cce51) Importer(815301076,1909f56bfc062723c751e8b465ee728b)
Start importing Assets/Resources/Prefabs/UI/PackagePanel.prefab using Guid(def8136684f6a604abaff661174cce51) Importer(815301076,1909f56bfc062723c751e8b465ee728b)  -> (artifact id: '5f5935d216a609b681b385a3757c3fd7') in 0.022998 seconds 
========================================================================
Received Import Request.
  Time since last request: 3.216309 seconds.
  path: Assets/Resources/Prefabs/UI/PackagePanel.prefab
  artifactKey: Guid(def8136684f6a604abaff661174cce51) Importer(815301076,1909f56bfc062723c751e8b465ee728b)
Start importing Assets/Resources/Prefabs/UI/PackagePanel.prefab using Guid(def8136684f6a604abaff661174cce51) Importer(815301076,1909f56bfc062723c751e8b465ee728b)  -> (artifact id: '90832ac8f88806683c5e49f2e9f2aabd') in 0.024009 seconds 
========================================================================
Received Import Request.
  Time since last request: 3.916862 seconds.
  path: Assets/Resources/Prefabs/UI/PackagePanel.prefab
  artifactKey: Guid(def8136684f6a604abaff661174cce51) Importer(815301076,1909f56bfc062723c751e8b465ee728b)
Start importing Assets/Resources/Prefabs/UI/PackagePanel.prefab using Guid(def8136684f6a604abaff661174cce51) Importer(815301076,1909f56bfc062723c751e8b465ee728b)  -> (artifact id: 'c3c6af051be806e4e3a2cd2a1e1c79bd') in 0.022845 seconds 
========================================================================
Received Import Request.
  Time since last request: 2.981562 seconds.
  path: Assets/Resources/Prefabs/UI/PackagePanel.prefab
  artifactKey: Guid(def8136684f6a604abaff661174cce51) Importer(815301076,1909f56bfc062723c751e8b465ee728b)
Start importing Assets/Resources/Prefabs/UI/PackagePanel.prefab using Guid(def8136684f6a604abaff661174cce51) Importer(815301076,1909f56bfc062723c751e8b465ee728b)  -> (artifact id: 'be6285b00a83139ea179fe02bc38a50d') in 0.021693 seconds 
========================================================================
Received Import Request.
  Time since last request: 2.347075 seconds.
  path: Assets/Resources/Prefabs/UI/PackagePanel.prefab
  artifactKey: Guid(def8136684f6a604abaff661174cce51) Importer(815301076,1909f56bfc062723c751e8b465ee728b)
Start importing Assets/Resources/Prefabs/UI/PackagePanel.prefab using Guid(def8136684f6a604abaff661174cce51) Importer(815301076,1909f56bfc062723c751e8b465ee728b)  -> (artifact id: '3b56ce8c0db638b320cd0851cdb5d8c5') in 0.025485 seconds 
========================================================================
Received Import Request.
  Time since last request: 11.359088 seconds.
  path: Assets/Resources/Prefabs/UI/PackagePanel.prefab
  artifactKey: Guid(def8136684f6a604abaff661174cce51) Importer(815301076,1909f56bfc062723c751e8b465ee728b)
Start importing Assets/Resources/Prefabs/UI/PackagePanel.prefab using Guid(def8136684f6a604abaff661174cce51) Importer(815301076,1909f56bfc062723c751e8b465ee728b)  -> (artifact id: 'ee035d6713d1c5173107814630d07c25') in 0.088169 seconds 
========================================================================
Received Import Request.
  Time since last request: 8.594567 seconds.
  path: Assets/Resources/Prefabs/UI/PackagePanel.prefab
  artifactKey: Guid(def8136684f6a604abaff661174cce51) Importer(815301076,1909f56bfc062723c751e8b465ee728b)
Start importing Assets/Resources/Prefabs/UI/PackagePanel.prefab using Guid(def8136684f6a604abaff661174cce51) Importer(815301076,1909f56bfc062723c751e8b465ee728b)  -> (artifact id: 'd99de039e1fdb63fb9a943c82aca8913') in 0.027659 seconds 
========================================================================
Received Import Request.
  Time since last request: 1.179142 seconds.
  path: Assets/Resources/Prefabs/UI/PackagePanel.prefab
  artifactKey: Guid(def8136684f6a604abaff661174cce51) Importer(815301076,1909f56bfc062723c751e8b465ee728b)
Start importing Assets/Resources/Prefabs/UI/PackagePanel.prefab using Guid(def8136684f6a604abaff661174cce51) Importer(815301076,1909f56bfc062723c751e8b465ee728b)  -> (artifact id: '432aa4e6851c1d019bda27270ca33e18') in 0.025500 seconds 
========================================================================
Received Import Request.
  Time since last request: 14.773224 seconds.
  path: Assets/Resources/Prefabs/UI/PackagePanel.prefab
  artifactKey: Guid(def8136684f6a604abaff661174cce51) Importer(815301076,1909f56bfc062723c751e8b465ee728b)
Start importing Assets/Resources/Prefabs/UI/PackagePanel.prefab using Guid(def8136684f6a604abaff661174cce51) Importer(815301076,1909f56bfc062723c751e8b465ee728b)  -> (artifact id: '324696dd3566cf392a431181023cd7b6') in 0.025486 seconds 
========================================================================
Received Import Request.
  Time since last request: 3.054065 seconds.
  path: Assets/Resources/Prefabs/UI/PackagePanel.prefab
  artifactKey: Guid(def8136684f6a604abaff661174cce51) Importer(815301076,1909f56bfc062723c751e8b465ee728b)
Start importing Assets/Resources/Prefabs/UI/PackagePanel.prefab using Guid(def8136684f6a604abaff661174cce51) Importer(815301076,1909f56bfc062723c751e8b465ee728b)  -> (artifact id: '0cf54673ca1aecb68975c46a866bbead') in 0.036387 seconds 
========================================================================
Received Import Request.
  Time since last request: 3.363186 seconds.
  path: Assets/Resources/Prefabs/UI/PackagePanel.prefab
  artifactKey: Guid(def8136684f6a604abaff661174cce51) Importer(815301076,1909f56bfc062723c751e8b465ee728b)
Start importing Assets/Resources/Prefabs/UI/PackagePanel.prefab using Guid(def8136684f6a604abaff661174cce51) Importer(815301076,1909f56bfc062723c751e8b465ee728b)  -> (artifact id: '24a019e682e039379874ebac0b3eaccf') in 0.023463 seconds 
========================================================================
Received Import Request.
  Time since last request: 11.416251 seconds.
  path: Assets/Resources/Prefabs/UI/PackagePanel.prefab
  artifactKey: Guid(def8136684f6a604abaff661174cce51) Importer(815301076,1909f56bfc062723c751e8b465ee728b)
Start importing Assets/Resources/Prefabs/UI/PackagePanel.prefab using Guid(def8136684f6a604abaff661174cce51) Importer(815301076,1909f56bfc062723c751e8b465ee728b)  -> (artifact id: '4db5621f778e34cc95b6855e69db1f74') in 0.029467 seconds 
========================================================================
Received Import Request.
  Time since last request: 1.384987 seconds.
  path: Assets/Resources/Prefabs/UI/PackagePanel.prefab
  artifactKey: Guid(def8136684f6a604abaff661174cce51) Importer(815301076,1909f56bfc062723c751e8b465ee728b)
Start importing Assets/Resources/Prefabs/UI/PackagePanel.prefab using Guid(def8136684f6a604abaff661174cce51) Importer(815301076,1909f56bfc062723c751e8b465ee728b)  -> (artifact id: '8e5f24f7834cd68da6a3cab531e92dc0') in 0.034063 seconds 
========================================================================
Received Import Request.
  Time since last request: 3.600013 seconds.
  path: Assets/Resources/Prefabs/UI/PackagePanel.prefab
  artifactKey: Guid(def8136684f6a604abaff661174cce51) Importer(815301076,1909f56bfc062723c751e8b465ee728b)
Start importing Assets/Resources/Prefabs/UI/PackagePanel.prefab using Guid(def8136684f6a604abaff661174cce51) Importer(815301076,1909f56bfc062723c751e8b465ee728b)  -> (artifact id: '78583f08d0fe038d1d2a45ccf52b0749') in 0.030256 seconds 
========================================================================
Received Import Request.
  Time since last request: 5.034518 seconds.
  path: Assets/Resources/Prefabs/UI/PackagePanel.prefab
  artifactKey: Guid(def8136684f6a604abaff661174cce51) Importer(815301076,1909f56bfc062723c751e8b465ee728b)
Start importing Assets/Resources/Prefabs/UI/PackagePanel.prefab using Guid(def8136684f6a604abaff661174cce51) Importer(815301076,1909f56bfc062723c751e8b465ee728b)  -> (artifact id: 'eb0f3d07db41f8d1a1fb3f4be70c60d7') in 0.022947 seconds 
========================================================================
Received Import Request.
  Time since last request: 34.458964 seconds.
  path: Assets/Resources/Prefabs/UI/PackagePanel.prefab
  artifactKey: Guid(def8136684f6a604abaff661174cce51) Importer(815301076,1909f56bfc062723c751e8b465ee728b)
Start importing Assets/Resources/Prefabs/UI/PackagePanel.prefab using Guid(def8136684f6a604abaff661174cce51) Importer(815301076,1909f56bfc062723c751e8b465ee728b)  -> (artifact id: 'b010d35969ca2268acdb1eeb24c69ed0') in 0.039553 seconds 
========================================================================
Received Import Request.
  Time since last request: 2.023471 seconds.
  path: Assets/Resources/Prefabs/UI/PackagePanel.prefab
  artifactKey: Guid(def8136684f6a604abaff661174cce51) Importer(815301076,1909f56bfc062723c751e8b465ee728b)
Start importing Assets/Resources/Prefabs/UI/PackagePanel.prefab using Guid(def8136684f6a604abaff661174cce51) Importer(815301076,1909f56bfc062723c751e8b465ee728b)  -> (artifact id: 'f73ca02c933a2cc6d703528e81fc715e') in 0.056306 seconds 
========================================================================
Received Import Request.
  Time since last request: 7.498738 seconds.
  path: Assets/Resources/Prefabs/UI/PackagePanel.prefab
  artifactKey: Guid(def8136684f6a604abaff661174cce51) Importer(815301076,1909f56bfc062723c751e8b465ee728b)
Start importing Assets/Resources/Prefabs/UI/PackagePanel.prefab using Guid(def8136684f6a604abaff661174cce51) Importer(815301076,1909f56bfc062723c751e8b465ee728b)  -> (artifact id: '5dd47c86e88c89720397fcd85db4a5d0') in 0.024986 seconds 
========================================================================
Received Import Request.
  Time since last request: 15.577350 seconds.
  path: Assets/Resources/Prefabs/UI/PackagePanel.prefab
  artifactKey: Guid(def8136684f6a604abaff661174cce51) Importer(815301076,1909f56bfc062723c751e8b465ee728b)
Start importing Assets/Resources/Prefabs/UI/PackagePanel.prefab using Guid(def8136684f6a604abaff661174cce51) Importer(815301076,1909f56bfc062723c751e8b465ee728b)  -> (artifact id: '0f8fbee9bc70836aac85c693e704940a') in 0.023623 seconds 
========================================================================
Received Import Request.
  Time since last request: 18.049360 seconds.
  path: Assets/Resources/Prefabs/UI/PackagePanel.prefab
  artifactKey: Guid(def8136684f6a604abaff661174cce51) Importer(815301076,1909f56bfc062723c751e8b465ee728b)
Start importing Assets/Resources/Prefabs/UI/PackagePanel.prefab using Guid(def8136684f6a604abaff661174cce51) Importer(815301076,1909f56bfc062723c751e8b465ee728b)  -> (artifact id: 'b9712a092a5db06b22cb5ba9f456a2f8') in 0.023840 seconds 
========================================================================
Received Import Request.
  Time since last request: 1.978624 seconds.
  path: Assets/Resources/Prefabs/UI/PackagePanel.prefab
  artifactKey: Guid(def8136684f6a604abaff661174cce51) Importer(815301076,1909f56bfc062723c751e8b465ee728b)
Start importing Assets/Resources/Prefabs/UI/PackagePanel.prefab using Guid(def8136684f6a604abaff661174cce51) Importer(815301076,1909f56bfc062723c751e8b465ee728b)  -> (artifact id: '05a9a733e7b84eac7a7d26b4f8478d12') in 0.022440 seconds 
========================================================================
Received Import Request.
  Time since last request: 5.849264 seconds.
  path: Assets/Resources/Prefabs/UI/PackagePanel.prefab
  artifactKey: Guid(def8136684f6a604abaff661174cce51) Importer(815301076,1909f56bfc062723c751e8b465ee728b)
Start importing Assets/Resources/Prefabs/UI/PackagePanel.prefab using Guid(def8136684f6a604abaff661174cce51) Importer(815301076,1909f56bfc062723c751e8b465ee728b)  -> (artifact id: '66f8841b70410330361d7311909bdfbe') in 0.021802 seconds 
========================================================================
Received Import Request.
  Time since last request: 0.786630 seconds.
  path: Assets/Resources/Prefabs/UI/PackagePanel.prefab
  artifactKey: Guid(def8136684f6a604abaff661174cce51) Importer(815301076,1909f56bfc062723c751e8b465ee728b)
Start importing Assets/Resources/Prefabs/UI/PackagePanel.prefab using Guid(def8136684f6a604abaff661174cce51) Importer(815301076,1909f56bfc062723c751e8b465ee728b)  -> (artifact id: 'a3eea17f16753b57e3c3e9fc7ae5db6b') in 0.024695 seconds 
========================================================================
Received Import Request.
  Time since last request: 3.195235 seconds.
  path: Assets/Resources/Prefabs/UI/PackagePanel.prefab
  artifactKey: Guid(def8136684f6a604abaff661174cce51) Importer(815301076,1909f56bfc062723c751e8b465ee728b)
Start importing Assets/Resources/Prefabs/UI/PackagePanel.prefab using Guid(def8136684f6a604abaff661174cce51) Importer(815301076,1909f56bfc062723c751e8b465ee728b)  -> (artifact id: 'bb95b8f3b725c258f77aacee7213898a') in 0.026431 seconds 
========================================================================
Received Import Request.
  Time since last request: 5.215409 seconds.
  path: Assets/Resources/Prefabs/UI/PackagePanel.prefab
  artifactKey: Guid(def8136684f6a604abaff661174cce51) Importer(815301076,1909f56bfc062723c751e8b465ee728b)
Start importing Assets/Resources/Prefabs/UI/PackagePanel.prefab using Guid(def8136684f6a604abaff661174cce51) Importer(815301076,1909f56bfc062723c751e8b465ee728b)  -> (artifact id: 'cbf4e95a6e06fbced8c30e341ce46bf9') in 0.023909 seconds 
========================================================================
Received Import Request.
  Time since last request: 9.417843 seconds.
  path: Assets/Resources/Prefabs/UI/PackagePanel.prefab
  artifactKey: Guid(def8136684f6a604abaff661174cce51) Importer(815301076,1909f56bfc062723c751e8b465ee728b)
Start importing Assets/Resources/Prefabs/UI/PackagePanel.prefab using Guid(def8136684f6a604abaff661174cce51) Importer(815301076,1909f56bfc062723c751e8b465ee728b)  -> (artifact id: '6c09744cf393cad4ed76353b28d43a8f') in 0.022669 seconds 
========================================================================
Received Import Request.
  Time since last request: 2.591035 seconds.
  path: Assets/Resources/Prefabs/UI/PackagePanel.prefab
  artifactKey: Guid(def8136684f6a604abaff661174cce51) Importer(815301076,1909f56bfc062723c751e8b465ee728b)
Start importing Assets/Resources/Prefabs/UI/PackagePanel.prefab using Guid(def8136684f6a604abaff661174cce51) Importer(815301076,1909f56bfc062723c751e8b465ee728b)  -> (artifact id: '9f4f718e15eab2b8a0d861fbc0e4f10a') in 0.025149 seconds 
========================================================================
Received Import Request.
  Time since last request: 0.976601 seconds.
  path: Assets/Resources/Prefabs/UI/PackagePanel.prefab
  artifactKey: Guid(def8136684f6a604abaff661174cce51) Importer(815301076,1909f56bfc062723c751e8b465ee728b)
Start importing Assets/Resources/Prefabs/UI/PackagePanel.prefab using Guid(def8136684f6a604abaff661174cce51) Importer(815301076,1909f56bfc062723c751e8b465ee728b)  -> (artifact id: 'ad8b1d26c19a36b957761c88c687297a') in 0.024078 seconds 
========================================================================
Received Import Request.
  Time since last request: 9.543582 seconds.
  path: Assets/Resources/Prefabs/UI/PackagePanel.prefab
  artifactKey: Guid(def8136684f6a604abaff661174cce51) Importer(815301076,1909f56bfc062723c751e8b465ee728b)
Start importing Assets/Resources/Prefabs/UI/PackagePanel.prefab using Guid(def8136684f6a604abaff661174cce51) Importer(815301076,1909f56bfc062723c751e8b465ee728b)  -> (artifact id: '401e5a279bac30941200e9bdef76d5b7') in 0.022985 seconds 
========================================================================
Received Import Request.
  Time since last request: 16.108299 seconds.
  path: Assets/Resources/Prefabs/UI/PackagePanel.prefab
  artifactKey: Guid(def8136684f6a604abaff661174cce51) Importer(815301076,1909f56bfc062723c751e8b465ee728b)
Start importing Assets/Resources/Prefabs/UI/PackagePanel.prefab using Guid(def8136684f6a604abaff661174cce51) Importer(815301076,1909f56bfc062723c751e8b465ee728b)  -> (artifact id: 'b9e5a1d53cd0d33a8bec19b36dbc2c17') in 0.028549 seconds 
========================================================================
Received Import Request.
  Time since last request: 4.610841 seconds.
  path: Assets/Resources/Prefabs/UI/PackagePanel.prefab
  artifactKey: Guid(def8136684f6a604abaff661174cce51) Importer(815301076,1909f56bfc062723c751e8b465ee728b)
Start importing Assets/Resources/Prefabs/UI/PackagePanel.prefab using Guid(def8136684f6a604abaff661174cce51) Importer(815301076,1909f56bfc062723c751e8b465ee728b)  -> (artifact id: 'abaed8870c1f35e2c4b53481b18a9b3b') in 0.023794 seconds 
========================================================================
Received Import Request.
  Time since last request: 13.487732 seconds.
  path: Assets/Resources/Prefabs/UI/PackagePanel.prefab
  artifactKey: Guid(def8136684f6a604abaff661174cce51) Importer(815301076,1909f56bfc062723c751e8b465ee728b)
Start importing Assets/Resources/Prefabs/UI/PackagePanel.prefab using Guid(def8136684f6a604abaff661174cce51) Importer(815301076,1909f56bfc062723c751e8b465ee728b)  -> (artifact id: 'a7add17bc6b0d23a61faa7fc99d655ed') in 0.023850 seconds 
========================================================================
Received Import Request.
  Time since last request: 1.981505 seconds.
  path: Assets/Resources/Prefabs/UI/PackagePanel.prefab
  artifactKey: Guid(def8136684f6a604abaff661174cce51) Importer(815301076,1909f56bfc062723c751e8b465ee728b)
Start importing Assets/Resources/Prefabs/UI/PackagePanel.prefab using Guid(def8136684f6a604abaff661174cce51) Importer(815301076,1909f56bfc062723c751e8b465ee728b)  -> (artifact id: '0f4b33b7d656c20b3b9759237e2f152a') in 0.023898 seconds 
========================================================================
Received Import Request.
  Time since last request: 10.797960 seconds.
  path: Assets/Resources/Prefabs/UI/PackagePanel.prefab
  artifactKey: Guid(def8136684f6a604abaff661174cce51) Importer(815301076,1909f56bfc062723c751e8b465ee728b)
Start importing Assets/Resources/Prefabs/UI/PackagePanel.prefab using Guid(def8136684f6a604abaff661174cce51) Importer(815301076,1909f56bfc062723c751e8b465ee728b)  -> (artifact id: 'dc6fe0812225b39cb6a9b460bbcbb34e') in 0.023728 seconds 
========================================================================
Received Import Request.
  Time since last request: 8.647632 seconds.
  path: Assets/Resources/Prefabs/UI/PackagePanel.prefab
  artifactKey: Guid(def8136684f6a604abaff661174cce51) Importer(815301076,1909f56bfc062723c751e8b465ee728b)
Start importing Assets/Resources/Prefabs/UI/PackagePanel.prefab using Guid(def8136684f6a604abaff661174cce51) Importer(815301076,1909f56bfc062723c751e8b465ee728b)  -> (artifact id: 'f4f138702052edf9e64c5a5a79535b99') in 0.025760 seconds 
========================================================================
Received Import Request.
  Time since last request: 8.781327 seconds.
  path: Assets/Resources/Prefabs/UI/PackagePanel.prefab
  artifactKey: Guid(def8136684f6a604abaff661174cce51) Importer(815301076,1909f56bfc062723c751e8b465ee728b)
Start importing Assets/Resources/Prefabs/UI/PackagePanel.prefab using Guid(def8136684f6a604abaff661174cce51) Importer(815301076,1909f56bfc062723c751e8b465ee728b)  -> (artifact id: 'adac6dfe9978f7a01c29523e8e18967c') in 0.027968 seconds 
========================================================================
Received Import Request.
  Time since last request: 7.319999 seconds.
  path: Assets/Resources/Prefabs/UI/PackagePanel.prefab
  artifactKey: Guid(def8136684f6a604abaff661174cce51) Importer(815301076,1909f56bfc062723c751e8b465ee728b)
Start importing Assets/Resources/Prefabs/UI/PackagePanel.prefab using Guid(def8136684f6a604abaff661174cce51) Importer(815301076,1909f56bfc062723c751e8b465ee728b)  -> (artifact id: '12e2ab0217817e936125dbefb8f35521') in 0.024833 seconds 
========================================================================
Received Import Request.
  Time since last request: 1.018099 seconds.
  path: Assets/Resources/Prefabs/UI/PackagePanel.prefab
  artifactKey: Guid(def8136684f6a604abaff661174cce51) Importer(815301076,1909f56bfc062723c751e8b465ee728b)
Start importing Assets/Resources/Prefabs/UI/PackagePanel.prefab using Guid(def8136684f6a604abaff661174cce51) Importer(815301076,1909f56bfc062723c751e8b465ee728b)  -> (artifact id: '0d5d7ce362c865f6bf58c5e49a39f46f') in 0.058295 seconds 
========================================================================
Received Import Request.
  Time since last request: 4.807884 seconds.
  path: Assets/Resources/Prefabs/UI/PackagePanel.prefab
  artifactKey: Guid(def8136684f6a604abaff661174cce51) Importer(815301076,1909f56bfc062723c751e8b465ee728b)
Start importing Assets/Resources/Prefabs/UI/PackagePanel.prefab using Guid(def8136684f6a604abaff661174cce51) Importer(815301076,1909f56bfc062723c751e8b465ee728b)  -> (artifact id: 'fb9e84af4d1f33daa9b38947df812eaa') in 0.030313 seconds 
========================================================================
Received Import Request.
  Time since last request: 18.389926 seconds.
  path: Assets/Resources/Prefabs/UI/PackagePanel.prefab
  artifactKey: Guid(def8136684f6a604abaff661174cce51) Importer(815301076,1909f56bfc062723c751e8b465ee728b)
Start importing Assets/Resources/Prefabs/UI/PackagePanel.prefab using Guid(def8136684f6a604abaff661174cce51) Importer(815301076,1909f56bfc062723c751e8b465ee728b)  -> (artifact id: '525c2385dd5b938d112036bb228c0eb9') in 0.031171 seconds 
========================================================================
Received Import Request.
  Time since last request: 4.236186 seconds.
  path: Assets/Resources/Prefabs/UI/PackagePanel.prefab
  artifactKey: Guid(def8136684f6a604abaff661174cce51) Importer(815301076,1909f56bfc062723c751e8b465ee728b)
Start importing Assets/Resources/Prefabs/UI/PackagePanel.prefab using Guid(def8136684f6a604abaff661174cce51) Importer(815301076,1909f56bfc062723c751e8b465ee728b)  -> (artifact id: 'cb3b5de8c60108df2aa62d3fde7e8225') in 0.027302 seconds 
========================================================================
Received Import Request.
  Time since last request: 6.050469 seconds.
  path: Assets/Resources/Prefabs/UI/PackagePanel.prefab
  artifactKey: Guid(def8136684f6a604abaff661174cce51) Importer(815301076,1909f56bfc062723c751e8b465ee728b)
Start importing Assets/Resources/Prefabs/UI/PackagePanel.prefab using Guid(def8136684f6a604abaff661174cce51) Importer(815301076,1909f56bfc062723c751e8b465ee728b)  -> (artifact id: 'b923a8799e94b0eda24be556b419838e') in 0.025138 seconds 
========================================================================
Received Import Request.
  Time since last request: 19.994995 seconds.
  path: Assets/Resources/Prefabs/UI/PackagePanel.prefab
  artifactKey: Guid(def8136684f6a604abaff661174cce51) Importer(815301076,1909f56bfc062723c751e8b465ee728b)
Start importing Assets/Resources/Prefabs/UI/PackagePanel.prefab using Guid(def8136684f6a604abaff661174cce51) Importer(815301076,1909f56bfc062723c751e8b465ee728b)  -> (artifact id: '6d08c3598dd10c556180abb6bf5b3e08') in 0.024303 seconds 
========================================================================
Received Import Request.
  Time since last request: 16.388669 seconds.
  path: Assets/Resources/Prefabs/UI/PackagePanel.prefab
  artifactKey: Guid(def8136684f6a604abaff661174cce51) Importer(815301076,1909f56bfc062723c751e8b465ee728b)
Start importing Assets/Resources/Prefabs/UI/PackagePanel.prefab using Guid(def8136684f6a604abaff661174cce51) Importer(815301076,1909f56bfc062723c751e8b465ee728b)  -> (artifact id: '592a7e01b64e54649c95277d049482e6') in 0.024160 seconds 
========================================================================
Received Import Request.
  Time since last request: 3.639546 seconds.
  path: Assets/Resources/Prefabs/UI/PackagePanel.prefab
  artifactKey: Guid(def8136684f6a604abaff661174cce51) Importer(815301076,1909f56bfc062723c751e8b465ee728b)
Start importing Assets/Resources/Prefabs/UI/PackagePanel.prefab using Guid(def8136684f6a604abaff661174cce51) Importer(815301076,1909f56bfc062723c751e8b465ee728b)  -> (artifact id: '23c5cdc20deec2c7204513a2014a9433') in 0.025618 seconds 
========================================================================
Received Import Request.
  Time since last request: 2.640270 seconds.
  path: Assets/Resources/Prefabs/UI/PackagePanel.prefab
  artifactKey: Guid(def8136684f6a604abaff661174cce51) Importer(815301076,1909f56bfc062723c751e8b465ee728b)
Start importing Assets/Resources/Prefabs/UI/PackagePanel.prefab using Guid(def8136684f6a604abaff661174cce51) Importer(815301076,1909f56bfc062723c751e8b465ee728b)  -> (artifact id: '80cd886fb44d66d4bcd6c749b91468c7') in 0.024376 seconds 
========================================================================
Received Import Request.
  Time since last request: 2.594460 seconds.
  path: Assets/Resources/Prefabs/UI/PackagePanel.prefab
  artifactKey: Guid(def8136684f6a604abaff661174cce51) Importer(815301076,1909f56bfc062723c751e8b465ee728b)
Start importing Assets/Resources/Prefabs/UI/PackagePanel.prefab using Guid(def8136684f6a604abaff661174cce51) Importer(815301076,1909f56bfc062723c751e8b465ee728b)  -> (artifact id: '76aec6fd959f4cedda95d885172a60a6') in 0.023916 seconds 
========================================================================
Received Import Request.
  Time since last request: 9.110097 seconds.
  path: Assets/Resources/Prefabs/UI/PackagePanel.prefab
  artifactKey: Guid(def8136684f6a604abaff661174cce51) Importer(815301076,1909f56bfc062723c751e8b465ee728b)
Start importing Assets/Resources/Prefabs/UI/PackagePanel.prefab using Guid(def8136684f6a604abaff661174cce51) Importer(815301076,1909f56bfc062723c751e8b465ee728b)  -> (artifact id: '6ad05d851f493a4ab55cf940a81dc4cc') in 0.023055 seconds 
========================================================================
Received Import Request.
  Time since last request: 2.445001 seconds.
  path: Assets/Resources/Prefabs/UI/PackagePanel.prefab
  artifactKey: Guid(def8136684f6a604abaff661174cce51) Importer(815301076,1909f56bfc062723c751e8b465ee728b)
Start importing Assets/Resources/Prefabs/UI/PackagePanel.prefab using Guid(def8136684f6a604abaff661174cce51) Importer(815301076,1909f56bfc062723c751e8b465ee728b)  -> (artifact id: '47c84060fef99ad83386d97716942944') in 0.067769 seconds 
========================================================================
Received Import Request.
  Time since last request: 6.832838 seconds.
  path: Assets/Resources/Prefabs/UI/PackagePanel.prefab
  artifactKey: Guid(def8136684f6a604abaff661174cce51) Importer(815301076,1909f56bfc062723c751e8b465ee728b)
Start importing Assets/Resources/Prefabs/UI/PackagePanel.prefab using Guid(def8136684f6a604abaff661174cce51) Importer(815301076,1909f56bfc062723c751e8b465ee728b)  -> (artifact id: '71bbf657666dcacb047568db9eea2a7a') in 0.041917 seconds 
========================================================================
Received Import Request.
  Time since last request: 4295.217465 seconds.
  path: Assets/Scripts/Save/SaveSystem.cs
  artifactKey: Guid(39e8d09f270151e4e8d3e93ae61c4c28) Importer(815301076,1909f56bfc062723c751e8b465ee728b)
Start importing Assets/Scripts/Save/SaveSystem.cs using Guid(39e8d09f270151e4e8d3e93ae61c4c28) Importer(815301076,1909f56bfc062723c751e8b465ee728b)  -> (artifact id: '9f1ce5f8a0e6d22b4b15acda12582b15') in 0.014432 seconds 
========================================================================
Received Prepare
Registering precompiled user dll's ...
Registered in 0.020751 seconds.
Begin MonoManager ReloadAssembly
Symbol file LoadedFromMemory doesn't match image E:\unity\text\UI-背包系统\Library\PackageCache\com.unity.visualscripting@1.8.0\Editor\VisualScripting.Core\Dependencies\YamlDotNet\Unity.VisualScripting.YamlDotNet.dll
Symbol file LoadedFromMemory doesn't match image E:\unity\text\UI-背包系统\Library\PackageCache\com.unity.visualscripting@1.8.0\Editor\VisualScripting.Core\Dependencies\DotNetZip\Unity.VisualScripting.IonicZip.dll
Native extension for LinuxStandalone target not found
Native extension for WindowsStandalone target not found
Native extension for Android target not found
Refreshing native plugins compatible for Editor in 0.84 ms, found 3 plugins.
Preloading 0 native plugins for Editor in 0.00 ms.
Mono: successfully reloaded assembly
- Completed reload, in  2.494 seconds
Domain Reload Profiling:
	ReloadAssembly (2495ms)
		BeginReloadAssembly (397ms)
			ExecutionOrderSort (0ms)
			DisableScriptedObjects (11ms)
			BackupInstance (0ms)
			ReleaseScriptingObjects (0ms)
			CreateAndSetChildDomain (66ms)
		EndReloadAssembly (1853ms)
			LoadAssemblies (322ms)
			RebuildTransferFunctionScriptingTraits (0ms)
			SetupTypeCache (586ms)
			ReleaseScriptCaches (2ms)
			RebuildScriptCaches (58ms)
			SetupLoadedEditorAssemblies (901ms)
				LogAssemblyErrors (0ms)
				InitializePlatformSupportModulesInManaged (36ms)
				SetLoadedEditorAssemblies (1ms)
				RefreshPlugins (1ms)
				BeforeProcessingInitializeOnLoad (119ms)
				ProcessInitializeOnLoadAttributes (688ms)
				ProcessInitializeOnLoadMethodAttributes (32ms)
				AfterProcessingInitializeOnLoad (25ms)
				EditorAssembliesLoaded (0ms)
			ExecutionOrderSort2 (0ms)
			AwakeInstancesAfterBackupRestoration (27ms)
Platform modules already initialized, skipping
Refreshing native plugins compatible for Editor in 3.29 ms, found 3 plugins.
Preloading 0 native plugins for Editor in 0.00 ms.
Unloading 3062 Unused Serialized files (Serialized files now loaded: 0)
Unloading 22 unused Assets / (82.5 KB). Loaded Objects now: 3553.
Memory consumption went from 113.5 MB to 113.4 MB.
Total: 3.316000 ms (FindLiveObjects: 0.218300 ms CreateObjectMapping: 0.085900 ms MarkObjects: 2.891300 ms  DeleteObjects: 0.119300 ms)

AssetImportParameters requested are different than current active one (requested -> active):
  custom:video-decoder-ogg-theora: a1e56fd34408186e4bbccfd4996cb3dc -> 
  custom:container-muxer-webm: aa71ff27fc2769a1b78a27578f13a17b -> 
  custom:container-demuxer-webm: 4f35f7cbe854078d1ac9338744f61a02 -> 
  custom:video-encoder-webm-vp8: eb34c28f22e8b96e1ab97ce403110664 -> 
  custom:video-codec-MediaFoundation-h265: 746d11721c4dcdbdad8f713fa42b33f4 -> 
  custom:audio-encoder-webm-vorbis: bf7c407c2cedff20999df2af8eb42d56 -> 
  custom:framework-win-MediaFoundation: 216162199b28c13a410421893ffa2e32 -> 
  custom:container-demuxer-ogg: 62fdf1f143b41e24485cea50d1cbac27 -> 
  custom:video-decoder-webm-vp8: 9c59270c3fd7afecdb556c50c9e8de78 -> 
  custom:audio-decoder-ogg-vorbis: bf7c407c2cedff20999df2af8eb42d56 -> 
========================================================================
Received Import Request.
  Time since last request: 630.571858 seconds.
  path: Assets/Scenes/SampleScene.unity
  artifactKey: Guid(9fc0d4010bbf28b4594072e72b8655ab) Importer(815301076,1909f56bfc062723c751e8b465ee728b)
Start importing Assets/Scenes/SampleScene.unity using Guid(9fc0d4010bbf28b4594072e72b8655ab) Importer(815301076,1909f56bfc062723c751e8b465ee728b)  -> (artifact id: '73d5a9a3da84428ef99e8eb4cc390a22') in 0.010465 seconds 
========================================================================
Received Import Request.
  Time since last request: 1.561768 seconds.
  path: Assets/Scenes/SampleScene 1.unity
  artifactKey: Guid(afe709945b44f6f4da144ff34541ce98) Importer(815301076,1909f56bfc062723c751e8b465ee728b)
Start importing Assets/Scenes/SampleScene 1.unity using Guid(afe709945b44f6f4da144ff34541ce98) Importer(815301076,1909f56bfc062723c751e8b465ee728b)  -> (artifact id: 'efb989d1aed11e33ca17de28dc998787') in 0.003203 seconds 
========================================================================
Received Import Request.
  Time since last request: 56.491149 seconds.
  path: Assets/Scenes
  artifactKey: Guid(6ea315d0fd7389c41b19996891e99ae3) Importer(815301076,1909f56bfc062723c751e8b465ee728b)
Start importing Assets/Scenes using Guid(6ea315d0fd7389c41b19996891e99ae3) Importer(815301076,1909f56bfc062723c751e8b465ee728b)  -> (artifact id: 'b8193726cff86800c54781cdc6d54904') in 0.002743 seconds 
========================================================================
Received Import Request.
  Time since last request: 5.148075 seconds.
  path: Assets/Scripts/Editor
  artifactKey: Guid(2fed1d74fa881b649b93a815a67acbda) Importer(815301076,1909f56bfc062723c751e8b465ee728b)
Start importing Assets/Scripts/Editor using Guid(2fed1d74fa881b649b93a815a67acbda) Importer(815301076,1909f56bfc062723c751e8b465ee728b)  -> (artifact id: '1b69ccba5914f1e1a3d93e10780abb37') in 0.005552 seconds 
========================================================================
Received Prepare
Registering precompiled user dll's ...
Registered in 0.021974 seconds.
Begin MonoManager ReloadAssembly
Symbol file LoadedFromMemory doesn't match image E:\unity\text\UI-背包系统\Library\PackageCache\com.unity.visualscripting@1.8.0\Editor\VisualScripting.Core\Dependencies\YamlDotNet\Unity.VisualScripting.YamlDotNet.dll
Symbol file LoadedFromMemory doesn't match image E:\unity\text\UI-背包系统\Library\PackageCache\com.unity.visualscripting@1.8.0\Editor\VisualScripting.Core\Dependencies\DotNetZip\Unity.VisualScripting.IonicZip.dll
Native extension for LinuxStandalone target not found
Native extension for WindowsStandalone target not found
Native extension for Android target not found
Refreshing native plugins compatible for Editor in 0.58 ms, found 3 plugins.
Preloading 0 native plugins for Editor in 0.00 ms.
Mono: successfully reloaded assembly
- Completed reload, in  2.547 seconds
Domain Reload Profiling:
	ReloadAssembly (2548ms)
		BeginReloadAssembly (315ms)
			ExecutionOrderSort (0ms)
			DisableScriptedObjects (16ms)
			BackupInstance (0ms)
			ReleaseScriptingObjects (0ms)
			CreateAndSetChildDomain (60ms)
		EndReloadAssembly (1926ms)
			LoadAssemblies (269ms)
			RebuildTransferFunctionScriptingTraits (0ms)
			SetupTypeCache (570ms)
			ReleaseScriptCaches (3ms)
			RebuildScriptCaches (105ms)
			SetupLoadedEditorAssemblies (876ms)
				LogAssemblyErrors (0ms)
				InitializePlatformSupportModulesInManaged (26ms)
				SetLoadedEditorAssemblies (1ms)
				RefreshPlugins (1ms)
				BeforeProcessingInitializeOnLoad (148ms)
				ProcessInitializeOnLoadAttributes (645ms)
				ProcessInitializeOnLoadMethodAttributes (31ms)
				AfterProcessingInitializeOnLoad (24ms)
				EditorAssembliesLoaded (0ms)
			ExecutionOrderSort2 (0ms)
			AwakeInstancesAfterBackupRestoration (29ms)
Platform modules already initialized, skipping
Refreshing native plugins compatible for Editor in 3.20 ms, found 3 plugins.
Preloading 0 native plugins for Editor in 0.00 ms.
Unloading 3062 Unused Serialized files (Serialized files now loaded: 0)
Unloading 19 unused Assets / (80.4 KB). Loaded Objects now: 3556.
Memory consumption went from 113.5 MB to 113.4 MB.
Total: 2.801700 ms (FindLiveObjects: 0.189400 ms CreateObjectMapping: 0.081100 ms MarkObjects: 2.437700 ms  DeleteObjects: 0.092400 ms)

AssetImportParameters requested are different than current active one (requested -> active):
  custom:video-decoder-ogg-theora: a1e56fd34408186e4bbccfd4996cb3dc -> 
  custom:container-muxer-webm: aa71ff27fc2769a1b78a27578f13a17b -> 
  custom:container-demuxer-webm: 4f35f7cbe854078d1ac9338744f61a02 -> 
  custom:video-encoder-webm-vp8: eb34c28f22e8b96e1ab97ce403110664 -> 
  custom:video-codec-MediaFoundation-h265: 746d11721c4dcdbdad8f713fa42b33f4 -> 
  custom:audio-encoder-webm-vorbis: bf7c407c2cedff20999df2af8eb42d56 -> 
  custom:framework-win-MediaFoundation: 216162199b28c13a410421893ffa2e32 -> 
  custom:container-demuxer-ogg: 62fdf1f143b41e24485cea50d1cbac27 -> 
  custom:video-decoder-webm-vp8: 9c59270c3fd7afecdb556c50c9e8de78 -> 
  custom:audio-decoder-ogg-vorbis: bf7c407c2cedff20999df2af8eb42d56 -> 
